Log file open, 09/12/20 21:35:57
LogWindows: Failed to load 'aqProf.dll' (GetLastError=126)
LogWindows: File 'aqProf.dll' does not exist
LogWindows: Failed to load 'VtuneApi.dll' (GetLastError=126)
LogWindows: File 'VtuneApi.dll' does not exist
LogWindows: Failed to load 'VtuneApi32e.dll' (GetLastError=126)
LogWindows: File 'VtuneApi32e.dll' does not exist
LogConsoleResponse: Display: Failed to find resolution value strings in scalability ini. Falling back to default.
LogInit: Display: Running engine for game: WorkshopBetaTeam
LogPakFile: Registered encryption key '00000000000000000000000000000000': 0 pak files mounted, 0 remain pending
LogPlatformFile: Not using cached read wrapper
LogTaskGraph: Started task graph with 5 named threads and 23 total threads with 3 sets of task threads.
LogStats: Stats thread started at 0.313558
LogD3D11RHI: Loaded GFSDK_Aftermath_Lib.x64.dll
LogICUInternationalization: ICU TimeZone Detection - Raw Offset: -5:00, Platform Override: ''
LogConfig: Warning: Failed to saved backup for config[../../../../../../Users/Christopher/Perforce/calfian1_Christopher-PC_6764/WorkshopBetaTeam/Intermediate/Config/CoalescedSourceConfigs/Engine.ini]
LogConfig: Warning: Failed to saved backup for config[../../../../../../Users/Christopher/Perforce/calfian1_Christopher-PC_6764/WorkshopBetaTeam/Intermediate/Config/CoalescedSourceConfigs/Game.ini]
LogConfig: Warning: Failed to saved backup for config[../../../../../../Users/Christopher/Perforce/calfian1_Christopher-PC_6764/WorkshopBetaTeam/Intermediate/Config/CoalescedSourceConfigs/Input.ini]
LogConfig: Warning: Failed to saved backup for config[../../../../../../Users/Christopher/Perforce/calfian1_Christopher-PC_6764/WorkshopBetaTeam/Intermediate/Config/CoalescedSourceConfigs/Editor.ini]
LogConfig: Warning: Failed to saved backup for config[../../../../../../Users/Christopher/Perforce/calfian1_Christopher-PC_6764/WorkshopBetaTeam/Intermediate/Config/CoalescedSourceConfigs/EditorPerProjectUserSettings.ini]
LogConfig: Warning: Failed to saved backup for config[../../../../../../Users/Christopher/Perforce/calfian1_Christopher-PC_6764/WorkshopBetaTeam/Intermediate/Config/CoalescedSourceConfigs/EditorSettings.ini]
LogConfig: Warning: Failed to saved backup for config[../../../../../../Users/Christopher/Perforce/calfian1_Christopher-PC_6764/WorkshopBetaTeam/Intermediate/Config/CoalescedSourceConfigs/EditorLayout.ini]
LogConfig: Warning: Failed to saved backup for config[../../../../../../Users/Christopher/Perforce/calfian1_Christopher-PC_6764/WorkshopBetaTeam/Intermediate/Config/CoalescedSourceConfigs/EditorKeyBindings.ini]
LogConfig: Warning: Failed to saved backup for config[../../../../../../Users/Christopher/Perforce/calfian1_Christopher-PC_6764/WorkshopBetaTeam/Intermediate/Config/CoalescedSourceConfigs/Compat.ini]
LogConfig: Warning: Failed to saved backup for config[../../../../../../Users/Christopher/Perforce/calfian1_Christopher-PC_6764/WorkshopBetaTeam/Intermediate/Config/CoalescedSourceConfigs/Lightmass.ini]
LogConfig: Warning: Failed to saved backup for config[../../../../../../Users/Christopher/Perforce/calfian1_Christopher-PC_6764/WorkshopBetaTeam/Intermediate/Config/CoalescedSourceConfigs/Scalability.ini]
LogConfig: Warning: Failed to saved backup for config[../../../../../../Users/Christopher/Perforce/calfian1_Christopher-PC_6764/WorkshopBetaTeam/Intermediate/Config/CoalescedSourceConfigs/Hardware.ini]
LogConfig: Warning: Failed to saved backup for config[../../../../../../Users/Christopher/Perforce/calfian1_Christopher-PC_6764/WorkshopBetaTeam/Intermediate/Config/CoalescedSourceConfigs/GameUserSettings.ini]
LogPluginManager: Mounting plugin Paper2D
LogConfig: Warning: Failed to saved backup for config[../../../../../../Users/Christopher/Perforce/calfian1_Christopher-PC_6764/WorkshopBetaTeam/Intermediate/Config/CoalescedSourceConfigs/Paper2D.ini]
LogPluginManager: Mounting plugin AISupport
LogConfig: Warning: Failed to saved backup for config[../../../../../../Users/Christopher/Perforce/calfian1_Christopher-PC_6764/WorkshopBetaTeam/Intermediate/Config/CoalescedSourceConfigs/AISupport.ini]
LogPluginManager: Mounting plugin LightPropagationVolume
LogConfig: Warning: Failed to saved backup for config[../../../../../../Users/Christopher/Perforce/calfian1_Christopher-PC_6764/WorkshopBetaTeam/Intermediate/Config/CoalescedSourceConfigs/LightPropagationVolume.ini]
LogPluginManager: Mounting plugin ActorLayerUtilities
LogConfig: Warning: Failed to saved backup for config[../../../../../../Users/Christopher/Perforce/calfian1_Christopher-PC_6764/WorkshopBetaTeam/Intermediate/Config/CoalescedSourceConfigs/ActorLayerUtilities.ini]
LogPluginManager: Mounting plugin AnimationSharing
LogConfig: Warning: Failed to saved backup for config[../../../../../../Users/Christopher/Perforce/calfian1_Christopher-PC_6764/WorkshopBetaTeam/Intermediate/Config/CoalescedSourceConfigs/AnimationSharing.ini]
LogPluginManager: Mounting plugin CLionSourceCodeAccess
LogConfig: Warning: Failed to saved backup for config[../../../../../../Users/Christopher/Perforce/calfian1_Christopher-PC_6764/WorkshopBetaTeam/Intermediate/Config/CoalescedSourceConfigs/CLionSourceCodeAccess.ini]
LogPluginManager: Mounting plugin CodeLiteSourceCodeAccess
LogConfig: Warning: Failed to saved backup for config[../../../../../../Users/Christopher/Perforce/calfian1_Christopher-PC_6764/WorkshopBetaTeam/Intermediate/Config/CoalescedSourceConfigs/CodeLiteSourceCodeAccess.ini]
LogPluginManager: Mounting plugin GitSourceControl
LogConfig: Warning: Failed to saved backup for config[../../../../../../Users/Christopher/Perforce/calfian1_Christopher-PC_6764/WorkshopBetaTeam/Intermediate/Config/CoalescedSourceConfigs/GitSourceControl.ini]
LogPluginManager: Mounting plugin KDevelopSourceCodeAccess
LogConfig: Warning: Failed to saved backup for config[../../../../../../Users/Christopher/Perforce/calfian1_Christopher-PC_6764/WorkshopBetaTeam/Intermediate/Config/CoalescedSourceConfigs/KDevelopSourceCodeAccess.ini]
LogPluginManager: Mounting plugin NullSourceCodeAccess
LogConfig: Warning: Failed to saved backup for config[../../../../../../Users/Christopher/Perforce/calfian1_Christopher-PC_6764/WorkshopBetaTeam/Intermediate/Config/CoalescedSourceConfigs/NullSourceCodeAccess.ini]
LogPluginManager: Mounting plugin PerforceSourceControl
LogConfig: Warning: Failed to saved backup for config[../../../../../../Users/Christopher/Perforce/calfian1_Christopher-PC_6764/WorkshopBetaTeam/Intermediate/Config/CoalescedSourceConfigs/PerforceSourceControl.ini]
LogPluginManager: Mounting plugin SubversionSourceControl
LogConfig: Warning: Failed to saved backup for config[../../../../../../Users/Christopher/Perforce/calfian1_Christopher-PC_6764/WorkshopBetaTeam/Intermediate/Config/CoalescedSourceConfigs/SubversionSourceControl.ini]
LogPluginManager: Mounting plugin UObjectPlugin
LogConfig: Warning: Failed to saved backup for config[../../../../../../Users/Christopher/Perforce/calfian1_Christopher-PC_6764/WorkshopBetaTeam/Intermediate/Config/CoalescedSourceConfigs/UObjectPlugin.ini]
LogPluginManager: Mounting plugin VisualStudioCodeSourceCodeAccess
LogConfig: Warning: Failed to saved backup for config[../../../../../../Users/Christopher/Perforce/calfian1_Christopher-PC_6764/WorkshopBetaTeam/Intermediate/Config/CoalescedSourceConfigs/VisualStudioCodeSourceCodeAccess.ini]
LogPluginManager: Mounting plugin VisualStudioSourceCodeAccess
LogConfig: Warning: Failed to saved backup for config[../../../../../../Users/Christopher/Perforce/calfian1_Christopher-PC_6764/WorkshopBetaTeam/Intermediate/Config/CoalescedSourceConfigs/VisualStudioSourceCodeAccess.ini]
LogPluginManager: Mounting plugin XCodeSourceCodeAccess
LogConfig: Warning: Failed to saved backup for config[../../../../../../Users/Christopher/Perforce/calfian1_Christopher-PC_6764/WorkshopBetaTeam/Intermediate/Config/CoalescedSourceConfigs/XCodeSourceCodeAccess.ini]
LogPluginManager: Mounting plugin AssetManagerEditor
LogConfig: Warning: Failed to saved backup for config[../../../../../../Users/Christopher/Perforce/calfian1_Christopher-PC_6764/WorkshopBetaTeam/Intermediate/Config/CoalescedSourceConfigs/AssetManagerEditor.ini]
LogPluginManager: Mounting plugin CryptoKeys
LogConfig: Warning: Failed to saved backup for config[../../../../../../Users/Christopher/Perforce/calfian1_Christopher-PC_6764/WorkshopBetaTeam/Intermediate/Config/CoalescedSourceConfigs/CryptoKeys.ini]
LogPluginManager: Mounting plugin DataValidation
LogConfig: Warning: Failed to saved backup for config[../../../../../../Users/Christopher/Perforce/calfian1_Christopher-PC_6764/WorkshopBetaTeam/Intermediate/Config/CoalescedSourceConfigs/DataValidation.ini]
LogPluginManager: Mounting plugin FacialAnimation
LogConfig: Warning: Failed to saved backup for config[../../../../../../Users/Christopher/Perforce/calfian1_Christopher-PC_6764/WorkshopBetaTeam/Intermediate/Config/CoalescedSourceConfigs/FacialAnimation.ini]
LogPluginManager: Mounting plugin GameplayTagsEditor
LogConfig: Warning: Failed to saved backup for config[../../../../../../Users/Christopher/Perforce/calfian1_Christopher-PC_6764/WorkshopBetaTeam/Intermediate/Config/CoalescedSourceConfigs/GameplayTagsEditor.ini]
LogPluginManager: Mounting plugin MacGraphicsSwitching
LogConfig: Warning: Failed to saved backup for config[../../../../../../Users/Christopher/Perforce/calfian1_Christopher-PC_6764/WorkshopBetaTeam/Intermediate/Config/CoalescedSourceConfigs/MacGraphicsSwitching.ini]
LogPluginManager: Mounting plugin MaterialAnalyzer
LogConfig: Warning: Failed to saved backup for config[../../../../../../Users/Christopher/Perforce/calfian1_Christopher-PC_6764/WorkshopBetaTeam/Intermediate/Config/CoalescedSourceConfigs/MaterialAnalyzer.ini]
LogPluginManager: Mounting plugin MobileLauncherProfileWizard
LogConfig: Warning: Failed to saved backup for config[../../../../../../Users/Christopher/Perforce/calfian1_Christopher-PC_6764/WorkshopBetaTeam/Intermediate/Config/CoalescedSourceConfigs/MobileLauncherProfileWizard.ini]
LogPluginManager: Mounting plugin PluginBrowser
LogConfig: Warning: Failed to saved backup for config[../../../../../../Users/Christopher/Perforce/calfian1_Christopher-PC_6764/WorkshopBetaTeam/Intermediate/Config/CoalescedSourceConfigs/PluginBrowser.ini]
LogPluginManager: Mounting plugin SpeedTreeImporter
LogConfig: Warning: Failed to saved backup for config[../../../../../../Users/Christopher/Perforce/calfian1_Christopher-PC_6764/WorkshopBetaTeam/Intermediate/Config/CoalescedSourceConfigs/SpeedTreeImporter.ini]
LogPluginManager: Mounting plugin DatasmithContent
LogConfig: Warning: Failed to saved backup for config[../../../../../../Users/Christopher/Perforce/calfian1_Christopher-PC_6764/WorkshopBetaTeam/Intermediate/Config/CoalescedSourceConfigs/DatasmithContent.ini]
LogPluginManager: Mounting plugin VariantManagerContent
LogConfig: Warning: Failed to saved backup for config[../../../../../../Users/Christopher/Perforce/calfian1_Christopher-PC_6764/WorkshopBetaTeam/Intermediate/Config/CoalescedSourceConfigs/VariantManagerContent.ini]
LogPluginManager: Mounting plugin AlembicImporter
LogConfig: Warning: Failed to saved backup for config[../../../../../../Users/Christopher/Perforce/calfian1_Christopher-PC_6764/WorkshopBetaTeam/Intermediate/Config/CoalescedSourceConfigs/AlembicImporter.ini]
LogPluginManager: Mounting plugin AppleImageUtils
LogConfig: Warning: Failed to saved backup for config[../../../../../../Users/Christopher/Perforce/calfian1_Christopher-PC_6764/WorkshopBetaTeam/Intermediate/Config/CoalescedSourceConfigs/AppleImageUtils.ini]
LogPluginManager: Mounting plugin AppleVision
LogConfig: Warning: Failed to saved backup for config[../../../../../../Users/Christopher/Perforce/calfian1_Christopher-PC_6764/WorkshopBetaTeam/Intermediate/Config/CoalescedSourceConfigs/AppleVision.ini]
LogPluginManager: Mounting plugin BackChannel
LogConfig: Warning: Failed to saved backup for config[../../../../../../Users/Christopher/Perforce/calfian1_Christopher-PC_6764/WorkshopBetaTeam/Intermediate/Config/CoalescedSourceConfigs/BackChannel.ini]
LogPluginManager: Mounting plugin CharacterAI
LogConfig: Warning: Failed to saved backup for config[../../../../../../Users/Christopher/Perforce/calfian1_Christopher-PC_6764/WorkshopBetaTeam/Intermediate/Config/CoalescedSourceConfigs/CharacterAI.ini]
LogPluginManager: Mounting plugin GeometryCache
LogConfig: Warning: Failed to saved backup for config[../../../../../../Users/Christopher/Perforce/calfian1_Christopher-PC_6764/WorkshopBetaTeam/Intermediate/Config/CoalescedSourceConfigs/GeometryCache.ini]
LogPluginManager: Mounting plugin HTML5Networking
LogConfig: Warning: Failed to saved backup for config[../../../../../../Users/Christopher/Perforce/calfian1_Christopher-PC_6764/WorkshopBetaTeam/Intermediate/Config/CoalescedSourceConfigs/HTML5Networking.ini]
LogPluginManager: Mounting plugin ProxyLODPlugin
LogConfig: Warning: Failed to saved backup for config[../../../../../../Users/Christopher/Perforce/calfian1_Christopher-PC_6764/WorkshopBetaTeam/Intermediate/Config/CoalescedSourceConfigs/ProxyLODPlugin.ini]
LogPluginManager: Mounting plugin SkeletalReduction
LogConfig: Warning: Failed to saved backup for config[../../../../../../Users/Christopher/Perforce/calfian1_Christopher-PC_6764/WorkshopBetaTeam/Intermediate/Config/CoalescedSourceConfigs/SkeletalReduction.ini]
LogPluginManager: Mounting plugin MagicLeap
LogConfig: Warning: Failed to saved backup for config[../../../../../../Users/Christopher/Perforce/calfian1_Christopher-PC_6764/WorkshopBetaTeam/Intermediate/Config/CoalescedSourceConfigs/MagicLeap.ini]
LogPluginManager: Mounting plugin MagicLeapMedia
LogConfig: Warning: Failed to saved backup for config[../../../../../../Users/Christopher/Perforce/calfian1_Christopher-PC_6764/WorkshopBetaTeam/Intermediate/Config/CoalescedSourceConfigs/MagicLeapMedia.ini]
LogPluginManager: Mounting plugin AndroidMedia
LogConfig: Warning: Failed to saved backup for config[../../../../../../Users/Christopher/Perforce/calfian1_Christopher-PC_6764/WorkshopBetaTeam/Intermediate/Config/CoalescedSourceConfigs/AndroidMedia.ini]
LogPluginManager: Mounting plugin AvfMedia
LogConfig: Warning: Failed to saved backup for config[../../../../../../Users/Christopher/Perforce/calfian1_Christopher-PC_6764/WorkshopBetaTeam/Intermediate/Config/CoalescedSourceConfigs/AvfMedia.ini]
LogPluginManager: Mounting plugin ImgMedia
LogConfig: Warning: Failed to saved backup for config[../../../../../../Users/Christopher/Perforce/calfian1_Christopher-PC_6764/WorkshopBetaTeam/Intermediate/Config/CoalescedSourceConfigs/ImgMedia.ini]
LogPluginManager: Mounting plugin LinearTimecode
LogConfig: Warning: Failed to saved backup for config[../../../../../../Users/Christopher/Perforce/calfian1_Christopher-PC_6764/WorkshopBetaTeam/Intermediate/Config/CoalescedSourceConfigs/LinearTimecode.ini]
LogPluginManager: Mounting plugin MediaCompositing
LogConfig: Warning: Failed to saved backup for config[../../../../../../Users/Christopher/Perforce/calfian1_Christopher-PC_6764/WorkshopBetaTeam/Intermediate/Config/CoalescedSourceConfigs/MediaCompositing.ini]
LogPluginManager: Mounting plugin MediaPlayerEditor
LogConfig: Warning: Failed to saved backup for config[../../../../../../Users/Christopher/Perforce/calfian1_Christopher-PC_6764/WorkshopBetaTeam/Intermediate/Config/CoalescedSourceConfigs/MediaPlayerEditor.ini]
LogPluginManager: Mounting plugin WebMMedia
LogConfig: Warning: Failed to saved backup for config[../../../../../../Users/Christopher/Perforce/calfian1_Christopher-PC_6764/WorkshopBetaTeam/Intermediate/Config/CoalescedSourceConfigs/WebMMedia.ini]
LogPluginManager: Mounting plugin WmfMedia
LogConfig: Warning: Failed to saved backup for config[../../../../../../Users/Christopher/Perforce/calfian1_Christopher-PC_6764/WorkshopBetaTeam/Intermediate/Config/CoalescedSourceConfigs/WmfMedia.ini]
LogPluginManager: Mounting plugin TcpMessaging
LogConfig: Warning: Failed to saved backup for config[../../../../../../Users/Christopher/Perforce/calfian1_Christopher-PC_6764/WorkshopBetaTeam/Intermediate/Config/CoalescedSourceConfigs/TcpMessaging.ini]
LogPluginManager: Mounting plugin UdpMessaging
LogConfig: Warning: Failed to saved backup for config[../../../../../../Users/Christopher/Perforce/calfian1_Christopher-PC_6764/WorkshopBetaTeam/Intermediate/Config/CoalescedSourceConfigs/UdpMessaging.ini]
LogPluginManager: Mounting plugin ActorSequence
LogConfig: Warning: Failed to saved backup for config[../../../../../../Users/Christopher/Perforce/calfian1_Christopher-PC_6764/WorkshopBetaTeam/Intermediate/Config/CoalescedSourceConfigs/ActorSequence.ini]
LogPluginManager: Mounting plugin LevelSequenceEditor
LogConfig: Warning: Failed to saved backup for config[../../../../../../Users/Christopher/Perforce/calfian1_Christopher-PC_6764/WorkshopBetaTeam/Intermediate/Config/CoalescedSourceConfigs/LevelSequenceEditor.ini]
LogPluginManager: Mounting plugin MatineeToLevelSequence
LogConfig: Warning: Failed to saved backup for config[../../../../../../Users/Christopher/Perforce/calfian1_Christopher-PC_6764/WorkshopBetaTeam/Intermediate/Config/CoalescedSourceConfigs/MatineeToLevelSequence.ini]
LogPluginManager: Mounting plugin NetcodeUnitTest
LogConfig: Warning: Failed to saved backup for config[../../../../../../Users/Christopher/Perforce/calfian1_Christopher-PC_6764/WorkshopBetaTeam/Intermediate/Config/CoalescedSourceConfigs/NetcodeUnitTest.ini]
LogPluginManager: Mounting plugin NUTUnrealEngine4
LogConfig: Warning: Failed to saved backup for config[../../../../../../Users/Christopher/Perforce/calfian1_Christopher-PC_6764/WorkshopBetaTeam/Intermediate/Config/CoalescedSourceConfigs/NUTUnrealEngine4.ini]
LogPluginManager: Mounting plugin OnlineSubsystemGooglePlay
LogConfig: Warning: Failed to saved backup for config[../../../../../../Users/Christopher/Perforce/calfian1_Christopher-PC_6764/WorkshopBetaTeam/Intermediate/Config/CoalescedSourceConfigs/OnlineSubsystemGooglePlay.ini]
LogPluginManager: Mounting plugin OnlineSubsystemIOS
LogConfig: Warning: Failed to saved backup for config[../../../../../../Users/Christopher/Perforce/calfian1_Christopher-PC_6764/WorkshopBetaTeam/Intermediate/Config/CoalescedSourceConfigs/OnlineSubsystemIOS.ini]
LogPluginManager: Mounting plugin OnlineSubsystem
LogConfig: Warning: Failed to saved backup for config[../../../../../../Users/Christopher/Perforce/calfian1_Christopher-PC_6764/WorkshopBetaTeam/Intermediate/Config/CoalescedSourceConfigs/OnlineSubsystem.ini]
LogPluginManager: Mounting plugin OnlineSubsystemNull
LogConfig: Warning: Failed to saved backup for config[../../../../../../Users/Christopher/Perforce/calfian1_Christopher-PC_6764/WorkshopBetaTeam/Intermediate/Config/CoalescedSourceConfigs/OnlineSubsystemNull.ini]
LogPluginManager: Mounting plugin OnlineSubsystemUtils
LogConfig: Warning: Failed to saved backup for config[../../../../../../Users/Christopher/Perforce/calfian1_Christopher-PC_6764/WorkshopBetaTeam/Intermediate/Config/CoalescedSourceConfigs/OnlineSubsystemUtils.ini]
LogPluginManager: Mounting plugin LauncherChunkInstaller
LogConfig: Warning: Failed to saved backup for config[../../../../../../Users/Christopher/Perforce/calfian1_Christopher-PC_6764/WorkshopBetaTeam/Intermediate/Config/CoalescedSourceConfigs/LauncherChunkInstaller.ini]
LogPluginManager: Mounting plugin AndroidDeviceProfileSelector
LogConfig: Warning: Failed to saved backup for config[../../../../../../Users/Christopher/Perforce/calfian1_Christopher-PC_6764/WorkshopBetaTeam/Intermediate/Config/CoalescedSourceConfigs/AndroidDeviceProfileSelector.ini]
LogPluginManager: Mounting plugin AndroidMoviePlayer
LogConfig: Warning: Failed to saved backup for config[../../../../../../Users/Christopher/Perforce/calfian1_Christopher-PC_6764/WorkshopBetaTeam/Intermediate/Config/CoalescedSourceConfigs/AndroidMoviePlayer.ini]
LogPluginManager: Mounting plugin AndroidPermission
LogConfig: Warning: Failed to saved backup for config[../../../../../../Users/Christopher/Perforce/calfian1_Christopher-PC_6764/WorkshopBetaTeam/Intermediate/Config/CoalescedSourceConfigs/AndroidPermission.ini]
LogPluginManager: Mounting plugin AppleMoviePlayer
LogConfig: Warning: Failed to saved backup for config[../../../../../../Users/Christopher/Perforce/calfian1_Christopher-PC_6764/WorkshopBetaTeam/Intermediate/Config/CoalescedSourceConfigs/AppleMoviePlayer.ini]
LogPluginManager: Mounting plugin ArchVisCharacter
LogConfig: Warning: Failed to saved backup for config[../../../../../../Users/Christopher/Perforce/calfian1_Christopher-PC_6764/WorkshopBetaTeam/Intermediate/Config/CoalescedSourceConfigs/ArchVisCharacter.ini]
LogPluginManager: Mounting plugin AudioCapture
LogConfig: Warning: Failed to saved backup for config[../../../../../../Users/Christopher/Perforce/calfian1_Christopher-PC_6764/WorkshopBetaTeam/Intermediate/Config/CoalescedSourceConfigs/AudioCapture.ini]
LogPluginManager: Mounting plugin CableComponent
LogConfig: Warning: Failed to saved backup for config[../../../../../../Users/Christopher/Perforce/calfian1_Christopher-PC_6764/WorkshopBetaTeam/Intermediate/Config/CoalescedSourceConfigs/CableComponent.ini]
LogPluginManager: Mounting plugin CustomMeshComponent
LogConfig: Warning: Failed to saved backup for config[../../../../../../Users/Christopher/Perforce/calfian1_Christopher-PC_6764/WorkshopBetaTeam/Intermediate/Config/CoalescedSourceConfigs/CustomMeshComponent.ini]
LogPluginManager: Mounting plugin EditableMesh
LogConfig: Warning: Failed to saved backup for config[../../../../../../Users/Christopher/Perforce/calfian1_Christopher-PC_6764/WorkshopBetaTeam/Intermediate/Config/CoalescedSourceConfigs/EditableMesh.ini]
LogPluginManager: Mounting plugin ExampleDeviceProfileSelector
LogConfig: Warning: Failed to saved backup for config[../../../../../../Users/Christopher/Perforce/calfian1_Christopher-PC_6764/WorkshopBetaTeam/Intermediate/Config/CoalescedSourceConfigs/ExampleDeviceProfileSelector.ini]
LogPluginManager: Mounting plugin Firebase
LogConfig: Warning: Failed to saved backup for config[../../../../../../Users/Christopher/Perforce/calfian1_Christopher-PC_6764/WorkshopBetaTeam/Intermediate/Config/CoalescedSourceConfigs/Firebase.ini]
LogPluginManager: Mounting plugin GoogleCloudMessaging
LogConfig: Warning: Failed to saved backup for config[../../../../../../Users/Christopher/Perforce/calfian1_Christopher-PC_6764/WorkshopBetaTeam/Intermediate/Config/CoalescedSourceConfigs/GoogleCloudMessaging.ini]
LogPluginManager: Mounting plugin IOSDeviceProfileSelector
LogConfig: Warning: Failed to saved backup for config[../../../../../../Users/Christopher/Perforce/calfian1_Christopher-PC_6764/WorkshopBetaTeam/Intermediate/Config/CoalescedSourceConfigs/IOSDeviceProfileSelector.ini]
LogPluginManager: Mounting plugin LinuxDeviceProfileSelector
LogConfig: Warning: Failed to saved backup for config[../../../../../../Users/Christopher/Perforce/calfian1_Christopher-PC_6764/WorkshopBetaTeam/Intermediate/Config/CoalescedSourceConfigs/LinuxDeviceProfileSelector.ini]
LogPluginManager: Mounting plugin LocationServicesBPLibrary
LogConfig: Warning: Failed to saved backup for config[../../../../../../Users/Christopher/Perforce/calfian1_Christopher-PC_6764/WorkshopBetaTeam/Intermediate/Config/CoalescedSourceConfigs/LocationServicesBPLibrary.ini]
LogPluginManager: Mounting plugin MobilePatchingUtils
LogConfig: Warning: Failed to saved backup for config[../../../../../../Users/Christopher/Perforce/calfian1_Christopher-PC_6764/WorkshopBetaTeam/Intermediate/Config/CoalescedSourceConfigs/MobilePatchingUtils.ini]
LogPluginManager: Mounting plugin OculusVR
LogConfig: Warning: Failed to saved backup for config[../../../../../../Users/Christopher/Perforce/calfian1_Christopher-PC_6764/WorkshopBetaTeam/Intermediate/Config/CoalescedSourceConfigs/OculusVR.ini]
LogPluginManager: Mounting plugin PhysXVehicles
LogConfig: Warning: Failed to saved backup for config[../../../../../../Users/Christopher/Perforce/calfian1_Christopher-PC_6764/WorkshopBetaTeam/Intermediate/Config/CoalescedSourceConfigs/PhysXVehicles.ini]
LogPluginManager: Mounting plugin ProceduralMeshComponent
LogConfig: Warning: Failed to saved backup for config[../../../../../../Users/Christopher/Perforce/calfian1_Christopher-PC_6764/WorkshopBetaTeam/Intermediate/Config/CoalescedSourceConfigs/ProceduralMeshComponent.ini]
LogPluginManager: Mounting plugin RuntimePhysXCooking
LogConfig: Warning: Failed to saved backup for config[../../../../../../Users/Christopher/Perforce/calfian1_Christopher-PC_6764/WorkshopBetaTeam/Intermediate/Config/CoalescedSourceConfigs/RuntimePhysXCooking.ini]
LogPluginManager: Mounting plugin SignificanceManager
LogConfig: Warning: Failed to saved backup for config[../../../../../../Users/Christopher/Perforce/calfian1_Christopher-PC_6764/WorkshopBetaTeam/Intermediate/Config/CoalescedSourceConfigs/SignificanceManager.ini]
LogPluginManager: Mounting plugin SteamVR
LogConfig: Warning: Failed to saved backup for config[../../../../../../Users/Christopher/Perforce/calfian1_Christopher-PC_6764/WorkshopBetaTeam/Intermediate/Config/CoalescedSourceConfigs/SteamVR.ini]
LogPluginManager: Mounting plugin WebMMoviePlayer
LogConfig: Warning: Failed to saved backup for config[../../../../../../Users/Christopher/Perforce/calfian1_Christopher-PC_6764/WorkshopBetaTeam/Intermediate/Config/CoalescedSourceConfigs/WebMMoviePlayer.ini]
LogPluginManager: Mounting plugin WindowsMoviePlayer
LogConfig: Warning: Failed to saved backup for config[../../../../../../Users/Christopher/Perforce/calfian1_Christopher-PC_6764/WorkshopBetaTeam/Intermediate/Config/CoalescedSourceConfigs/WindowsMoviePlayer.ini]
LogInit: Using libcurl 7.55.1-DEV
LogInit:  - built for x86_64-pc-win32
LogInit:  - supports SSL with OpenSSL/1.1.1
LogInit:  - supports HTTP deflate (compression) using libz 1.2.8
LogInit:  - other features:
LogInit:      CURL_VERSION_SSL
LogInit:      CURL_VERSION_LIBZ
LogInit:      CURL_VERSION_IPV6
LogInit:      CURL_VERSION_ASYNCHDNS
LogInit:      CURL_VERSION_LARGEFILE
LogInit:      CURL_VERSION_IDN
LogInit:  CurlRequestOptions (configurable via config and command line):
LogInit:  - bVerifyPeer = true  - Libcurl will verify peer certificate
LogInit:  - bUseHttpProxy = false  - Libcurl will NOT use HTTP proxy
LogInit:  - bDontReuseConnections = false  - Libcurl will reuse connections
LogInit:  - MaxHostConnections = 16  - Libcurl will limit the number of connections to a host
LogInit:  - LocalHostAddr = Default
LogInit:  - BufferSize = 65536
LogInit: WinSock: version 1.1 (2.2), MaxSocks=32767, MaxUdp=65467
LogInit: Build: ++UE4+Release-4.22-CL-7053642
LogInit: Engine Version: 4.22.3-7053642+++UE4+Release-4.22
LogInit: Compatible Engine Version: 4.22.0-5660361+++UE4+Release-4.22
LogInit: Net CL: 5660361
LogInit: OS: Windows 10 (Release 1909) (), CPU: AMD FX(tm)-8350 Eight-Core Processor           , GPU: Radeon RX 570 Series
LogInit: Compiled (64-bit): Jun 18 2019 03:09:11
LogInit: Compiled with Visual C++: 19.16.27025.01
LogInit: Build Configuration: Development
LogInit: Branch Name: ++UE4+Release-4.22
LogInit: Command Line: 
LogInit: Base Directory: C:/Program Files/Epic Games/UE_4.22/Engine/Binaries/Win64/
LogInit: Installed Engine Build: 1
LogDevObjectVersion: Number of dev versions registered: 23
LogDevObjectVersion:   Dev-Blueprints (B0D832E4-1F89-4F0D-ACCF-7EB736FD4AA2): 10
LogDevObjectVersion:   Dev-Build (E1C64328-A22C-4D53-A36C-8E866417BD8C): 0
LogDevObjectVersion:   Dev-Core (375EC13C-06E4-48FB-B500-84F0262A717E): 3
LogDevObjectVersion:   Dev-Editor (E4B068ED-F494-42E9-A231-DA0B2E46BB41): 30
LogDevObjectVersion:   Dev-Framework (CFFC743F-43B0-4480-9391-14DF171D2073): 35
LogDevObjectVersion:   Dev-Mobile (B02B49B5-BB20-44E9-A304-32B752E40360): 2
LogDevObjectVersion:   Dev-Networking (A4E4105C-59A1-49B5-A7C5-40C4547EDFEE): 0
LogDevObjectVersion:   Dev-Online (39C831C9-5AE6-47DC-9A44-9C173E1C8E7C): 0
LogDevObjectVersion:   Dev-Physics (78F01B33-EBEA-4F98-B9B4-84EACCB95AA2): 0
LogDevObjectVersion:   Dev-Platform (6631380F-2D4D-43E0-8009-CF276956A95A): 0
LogDevObjectVersion:   Dev-Rendering (12F88B9F-8875-4AFC-A67C-D90C383ABD29): 28
LogDevObjectVersion:   Dev-Sequencer (7B5AE74C-D270-4C10-A958-57980B212A5A): 11
LogDevObjectVersion:   Dev-VR (D7296918-1DD6-4BDD-9DE2-64A83CC13884): 2
LogDevObjectVersion:   Dev-LoadTimes (C2A15278-BFE7-4AFE-6C17-90FF531DF755): 1
LogDevObjectVersion:   Private-Geometry (6EACA3D4-40EC-4CC1-B786-8BED09428FC5): 3
LogDevObjectVersion:   Dev-AnimPhys (29E575DD-E0A3-4627-9D10-D276232CDCEA): 17
LogDevObjectVersion:   Dev-Anim (AF43A65D-7FD3-4947-9873-3E8ED9C1BB05): 2
LogDevObjectVersion:   Dev-ReflectionCapture (6B266CEC-1EC7-4B8F-A30B-E4D90942FC07): 1
LogDevObjectVersion:   Dev-Automation (0DF73D61-A23F-47EA-B727-89E90C41499A): 1
LogDevObjectVersion:   FortniteMain (601D1886-AC64-4F84-AA16-D3DE0DEAC7D6): 25
LogDevObjectVersion:   Dev-Enterprise (9DFFBCD6-494F-0158-E221-12823C92A888): 6
LogDevObjectVersion:   Dev-Niagara (F2AED0AC-9AFE-416F-8664-AA7FFA26D6FC): 1
LogDevObjectVersion:   Dev-Destruction (174F1F0B-B4C6-45A5-B13F-2EE8D0FB917D): 2
LogInit: Presizing for max 16777216 objects, including 0 objects not considered by GC, pre-allocating 0 bytes for permanent pool.
LogInit: Object subsystem initialized
LogConfig: Setting CVar [[con.DebugEarlyDefault:1]]
LogConfig: Setting CVar [[r.setres:1280x720]]
[2020.09.13-01.35.58:544][  0]LogConfig: Setting CVar [[r.VSync:0]]
[2020.09.13-01.35.58:544][  0]LogConfig: Setting CVar [[r.RHICmdBypass:0]]
[2020.09.13-01.35.58:544][  0]LogConfig: Applying CVar settings from Section [/Script/Engine.RendererSettings] File [C:/Users/Christopher/Perforce/calfian1_Christopher-PC_6764/WorkshopBetaTeam/Saved/Config/Windows/Engine.ini]
[2020.09.13-01.35.58:544][  0]LogConfig: Setting CVar [[r.GPUCrashDebugging:0]]
[2020.09.13-01.35.58:544][  0]LogConfig: Setting CVar [[r.DefaultFeature.AutoExposure.ExtendDefaultLuminanceRange:1]]
[2020.09.13-01.35.58:544][  0]LogConfig: Applying CVar settings from Section [/Script/Engine.RendererOverrideSettings] File [C:/Users/Christopher/Perforce/calfian1_Christopher-PC_6764/WorkshopBetaTeam/Saved/Config/Windows/Engine.ini]
[2020.09.13-01.35.58:544][  0]LogConfig: Applying CVar settings from Section [/Script/Engine.StreamingSettings] File [C:/Users/Christopher/Perforce/calfian1_Christopher-PC_6764/WorkshopBetaTeam/Saved/Config/Windows/Engine.ini]
[2020.09.13-01.35.58:544][  0]LogConfig: Setting CVar [[s.MinBulkDataSizeForAsyncLoading:131072]]
[2020.09.13-01.35.58:544][  0]LogConfig: Setting CVar [[s.AsyncLoadingThreadEnabled:0]]
[2020.09.13-01.35.58:544][  0]LogConfig: Setting CVar [[s.EventDrivenLoaderEnabled:1]]
[2020.09.13-01.35.58:544][  0]LogConfig: Setting CVar [[s.WarnIfTimeLimitExceeded:0]]
[2020.09.13-01.35.58:544][  0]LogConfig: Setting CVar [[s.TimeLimitExceededMultiplier:1.5]]
[2020.09.13-01.35.58:544][  0]LogConfig: Setting CVar [[s.TimeLimitExceededMinTime:0.005]]
[2020.09.13-01.35.58:544][  0]LogConfig: Setting CVar [[s.UseBackgroundLevelStreaming:1]]
[2020.09.13-01.35.58:544][  0]LogConfig: Setting CVar [[s.PriorityAsyncLoadingExtraTime:15.0]]
[2020.09.13-01.35.58:544][  0]LogConfig: Setting CVar [[s.LevelStreamingActorsUpdateTimeLimit:5.0]]
[2020.09.13-01.35.58:544][  0]LogConfig: Setting CVar [[s.PriorityLevelStreamingActorsUpdateExtraTime:5.0]]
[2020.09.13-01.35.58:544][  0]LogConfig: Setting CVar [[s.LevelStreamingComponentsRegistrationGranularity:10]]
[2020.09.13-01.35.58:544][  0]LogConfig: Setting CVar [[s.UnregisterComponentsTimeLimit:1.0]]
[2020.09.13-01.35.58:544][  0]LogConfig: Setting CVar [[s.LevelStreamingComponentsUnregistrationGranularity:5]]
[2020.09.13-01.35.58:544][  0]LogConfig: Applying CVar settings from Section [/Script/Engine.GarbageCollectionSettings] File [C:/Users/Christopher/Perforce/calfian1_Christopher-PC_6764/WorkshopBetaTeam/Saved/Config/Windows/Engine.ini]
[2020.09.13-01.35.58:544][  0]LogConfig: Setting CVar [[gc.MaxObjectsNotConsideredByGC:1]]
[2020.09.13-01.35.58:544][  0]LogConfig: Setting CVar [[gc.SizeOfPermanentObjectPool:0]]
[2020.09.13-01.35.58:544][  0]LogConfig: Setting CVar [[gc.FlushStreamingOnGC:0]]
[2020.09.13-01.35.58:544][  0]LogConfig: Setting CVar [[gc.NumRetriesBeforeForcingGC:10]]
[2020.09.13-01.35.58:544][  0]LogConfig: Setting CVar [[gc.AllowParallelGC:1]]
[2020.09.13-01.35.58:544][  0]LogConfig: Setting CVar [[gc.TimeBetweenPurgingPendingKillObjects:61.1]]
[2020.09.13-01.35.58:544][  0]LogConfig: Setting CVar [[gc.MaxObjectsInEditor:16777216]]
[2020.09.13-01.35.58:544][  0]LogConfig: Setting CVar [[gc.IncrementalBeginDestroyEnabled:1]]
[2020.09.13-01.35.58:544][  0]LogConfig: Setting CVar [[gc.CreateGCClusters:1]]
[2020.09.13-01.35.58:544][  0]LogConfig: Setting CVar [[gc.MinGCClusterSize:5]]
[2020.09.13-01.35.58:544][  0]LogConfig: Setting CVar [[gc.ActorClusteringEnabled:0]]
[2020.09.13-01.35.58:544][  0]LogConfig: Setting CVar [[gc.BlueprintClusteringEnabled:0]]
[2020.09.13-01.35.58:545][  0]LogConfig: Setting CVar [[gc.UseDisregardForGCOnDedicatedServers:0]]
[2020.09.13-01.35.58:545][  0]LogConfig: Applying CVar settings from Section [/Script/Engine.NetworkSettings] File [C:/Users/Christopher/Perforce/calfian1_Christopher-PC_6764/WorkshopBetaTeam/Saved/Config/Windows/Engine.ini]
[2020.09.13-01.35.58:545][  0]LogConfig: Applying CVar settings from Section [/Script/UnrealEd.CookerSettings] File [C:/Users/Christopher/Perforce/calfian1_Christopher-PC_6764/WorkshopBetaTeam/Saved/Config/Windows/Engine.ini]
[2020.09.13-01.35.58:556][  0]LogConfig: Applying CVar settings from Section [ViewDistanceQuality@3] File [C:/Users/Christopher/Perforce/calfian1_Christopher-PC_6764/WorkshopBetaTeam/Saved/Config/Windows/Scalability.ini]
[2020.09.13-01.35.58:556][  0]LogConfig: Setting CVar [[r.SkeletalMeshLODBias:0]]
[2020.09.13-01.35.58:556][  0]LogConfig: Setting CVar [[r.ViewDistanceScale:1.0]]
[2020.09.13-01.35.58:556][  0]LogConfig: Applying CVar settings from Section [AntiAliasingQuality@3] File [C:/Users/Christopher/Perforce/calfian1_Christopher-PC_6764/WorkshopBetaTeam/Saved/Config/Windows/Scalability.ini]
[2020.09.13-01.35.58:556][  0]LogConfig: Setting CVar [[r.PostProcessAAQuality:4]]
[2020.09.13-01.35.58:557][  0]LogConfig: Applying CVar settings from Section [ShadowQuality@3] File [C:/Users/Christopher/Perforce/calfian1_Christopher-PC_6764/WorkshopBetaTeam/Saved/Config/Windows/Scalability.ini]
[2020.09.13-01.35.58:557][  0]LogConfig: Setting CVar [[r.LightFunctionQuality:1]]
[2020.09.13-01.35.58:557][  0]LogConfig: Setting CVar [[r.ShadowQuality:5]]
[2020.09.13-01.35.58:557][  0]LogConfig: Setting CVar [[r.Shadow.CSM.MaxCascades:10]]
[2020.09.13-01.35.58:557][  0]LogConfig: Setting CVar [[r.Shadow.MaxResolution:2048]]
[2020.09.13-01.35.58:557][  0]LogConfig: Setting CVar [[r.Shadow.MaxCSMResolution:2048]]
[2020.09.13-01.35.58:557][  0]LogConfig: Setting CVar [[r.Shadow.RadiusThreshold:0.01]]
[2020.09.13-01.35.58:557][  0]LogConfig: Setting CVar [[r.Shadow.DistanceScale:1.0]]
[2020.09.13-01.35.58:557][  0]LogConfig: Setting CVar [[r.Shadow.CSM.TransitionScale:1.0]]
[2020.09.13-01.35.58:557][  0]LogConfig: Setting CVar [[r.Shadow.PreShadowResolutionFactor:1.0]]
[2020.09.13-01.35.58:557][  0]LogConfig: Setting CVar [[r.DistanceFieldShadowing:1]]
[2020.09.13-01.35.58:557][  0]LogConfig: Setting CVar [[r.DistanceFieldAO:1]]
[2020.09.13-01.35.58:557][  0]LogConfig: Setting CVar [[r.AOQuality:2]]
[2020.09.13-01.35.58:557][  0]LogConfig: Setting CVar [[r.VolumetricFog:1]]
[2020.09.13-01.35.58:557][  0]LogConfig: Setting CVar [[r.VolumetricFog.GridPixelSize:8]]
[2020.09.13-01.35.58:557][  0]LogConfig: Setting CVar [[r.VolumetricFog.GridSizeZ:128]]
[2020.09.13-01.35.58:557][  0]LogConfig: Setting CVar [[r.VolumetricFog.HistoryMissSupersampleCount:4]]
[2020.09.13-01.35.58:557][  0]LogConfig: Setting CVar [[r.LightMaxDrawDistanceScale:1]]
[2020.09.13-01.35.58:557][  0]LogConfig: Setting CVar [[r.CapsuleShadows:1]]
[2020.09.13-01.35.58:557][  0]LogConfig: Applying CVar settings from Section [PostProcessQuality@3] File [C:/Users/Christopher/Perforce/calfian1_Christopher-PC_6764/WorkshopBetaTeam/Saved/Config/Windows/Scalability.ini]
[2020.09.13-01.35.58:557][  0]LogConfig: Setting CVar [[r.MotionBlurQuality:4]]
[2020.09.13-01.35.58:557][  0]LogConfig: Setting CVar [[r.AmbientOcclusionMipLevelFactor:0.4]]
[2020.09.13-01.35.58:557][  0]LogConfig: Setting CVar [[r.AmbientOcclusionMaxQuality:100]]
[2020.09.13-01.35.58:557][  0]LogConfig: Setting CVar [[r.AmbientOcclusionLevels:-1]]
[2020.09.13-01.35.58:557][  0]LogConfig: Setting CVar [[r.AmbientOcclusionRadiusScale:1.0]]
[2020.09.13-01.35.58:557][  0]LogConfig: Setting CVar [[r.DepthOfFieldQuality:2]]
[2020.09.13-01.35.58:557][  0]LogConfig: Setting CVar [[r.RenderTargetPoolMin:400]]
[2020.09.13-01.35.58:557][  0]LogConfig: Setting CVar [[r.LensFlareQuality:2]]
[2020.09.13-01.35.58:557][  0]LogConfig: Setting CVar [[r.SceneColorFringeQuality:1]]
[2020.09.13-01.35.58:557][  0]LogConfig: Setting CVar [[r.EyeAdaptationQuality:2]]
[2020.09.13-01.35.58:557][  0]LogConfig: Setting CVar [[r.BloomQuality:5]]
[2020.09.13-01.35.58:557][  0]LogConfig: Setting CVar [[r.FastBlurThreshold:100]]
[2020.09.13-01.35.58:557][  0]LogConfig: Setting CVar [[r.Upscale.Quality:3]]
[2020.09.13-01.35.58:557][  0]LogConfig: Setting CVar [[r.Tonemapper.GrainQuantization:1]]
[2020.09.13-01.35.58:557][  0]LogConfig: Setting CVar [[r.LightShaftQuality:1]]
[2020.09.13-01.35.58:557][  0]LogConfig: Setting CVar [[r.Filter.SizeScale:1]]
[2020.09.13-01.35.58:557][  0]LogConfig: Setting CVar [[r.Tonemapper.Quality:5]]
[2020.09.13-01.35.58:557][  0]LogConfig: Setting CVar [[r.DOF.Gather.AccumulatorQuality:1        ; higher gathering accumulator quality]]
[2020.09.13-01.35.58:557][  0]LogConfig: Setting CVar [[r.DOF.Gather.PostfilterMethod:1          ; Median3x3 postfilering method]]
[2020.09.13-01.35.58:557][  0]LogConfig: Setting CVar [[r.DOF.Gather.EnableBokehSettings:0       ; no bokeh simulation when gathering]]
[2020.09.13-01.35.58:558][  0]LogConfig: Setting CVar [[r.DOF.Gather.RingCount:4                 ; medium number of samples when gathering]]
[2020.09.13-01.35.58:558][  0]LogConfig: Setting CVar [[r.DOF.Scatter.ForegroundCompositing:1    ; additive foreground scattering]]
[2020.09.13-01.35.58:558][  0]LogConfig: Setting CVar [[r.DOF.Scatter.BackgroundCompositing:2    ; additive background scattering]]
[2020.09.13-01.35.58:558][  0]LogConfig: Setting CVar [[r.DOF.Scatter.EnableBokehSettings:1      ; bokeh simulation when scattering]]
[2020.09.13-01.35.58:558][  0]LogConfig: Setting CVar [[r.DOF.Scatter.MaxSpriteRatio:0.1         ; only a maximum of 10% of scattered bokeh]]
[2020.09.13-01.35.58:558][  0]LogConfig: Setting CVar [[r.DOF.Recombine.Quality:1                ; cheap slight out of focus]]
[2020.09.13-01.35.58:558][  0]LogConfig: Setting CVar [[r.DOF.Recombine.EnableBokehSettings:0    ; no bokeh simulation on slight out of focus]]
[2020.09.13-01.35.58:558][  0]LogConfig: Setting CVar [[r.DOF.TemporalAAQuality:1                ; more stable temporal accumulation]]
[2020.09.13-01.35.58:558][  0]LogConfig: Setting CVar [[r.DOF.Kernel.MaxForegroundRadius:0.025]]
[2020.09.13-01.35.58:558][  0]LogConfig: Setting CVar [[r.DOF.Kernel.MaxBackgroundRadius:0.025]]
[2020.09.13-01.35.58:558][  0]LogConfig: Applying CVar settings from Section [TextureQuality@3] File [C:/Users/Christopher/Perforce/calfian1_Christopher-PC_6764/WorkshopBetaTeam/Saved/Config/Windows/Scalability.ini]
[2020.09.13-01.35.58:558][  0]LogConfig: Setting CVar [[r.Streaming.MipBias:0]]
[2020.09.13-01.35.58:558][  0]LogConfig: Setting CVar [[r.Streaming.AmortizeCPUToGPUCopy:0]]
[2020.09.13-01.35.58:558][  0]LogConfig: Setting CVar [[r.Streaming.MaxNumTexturesToStreamPerFrame:0]]
[2020.09.13-01.35.58:558][  0]LogConfig: Setting CVar [[r.Streaming.Boost:1]]
[2020.09.13-01.35.58:558][  0]LogConfig: Setting CVar [[r.MaxAnisotropy:8]]
[2020.09.13-01.35.58:558][  0]LogConfig: Setting CVar [[r.Streaming.LimitPoolSizeToVRAM:0]]
[2020.09.13-01.35.58:558][  0]LogConfig: Setting CVar [[r.Streaming.PoolSize:1000]]
[2020.09.13-01.35.58:558][  0]LogConfig: Setting CVar [[r.Streaming.MaxEffectiveScreenSize:0]]
[2020.09.13-01.35.58:558][  0]LogConfig: Applying CVar settings from Section [EffectsQuality@3] File [C:/Users/Christopher/Perforce/calfian1_Christopher-PC_6764/WorkshopBetaTeam/Saved/Config/Windows/Scalability.ini]
[2020.09.13-01.35.58:558][  0]LogConfig: Setting CVar [[r.TranslucencyLightingVolumeDim:64]]
[2020.09.13-01.35.58:558][  0]LogConfig: Setting CVar [[r.RefractionQuality:2]]
[2020.09.13-01.35.58:558][  0]LogConfig: Setting CVar [[r.SSR.Quality:3]]
[2020.09.13-01.35.58:558][  0]LogConfig: Setting CVar [[r.SceneColorFormat:4]]
[2020.09.13-01.35.58:558][  0]LogConfig: Setting CVar [[r.DetailMode:2]]
[2020.09.13-01.35.58:558][  0]LogConfig: Setting CVar [[r.TranslucencyVolumeBlur:1]]
[2020.09.13-01.35.58:558][  0]LogConfig: Setting CVar [[r.MaterialQualityLevel:1 ; High quality]]
[2020.09.13-01.35.58:558][  0]LogConfig: Setting CVar [[r.SSS.Scale:1]]
[2020.09.13-01.35.58:558][  0]LogConfig: Setting CVar [[r.SSS.SampleSet:2]]
[2020.09.13-01.35.58:558][  0]LogConfig: Setting CVar [[r.SSS.Quality:1]]
[2020.09.13-01.35.58:558][  0]LogConfig: Setting CVar [[r.SSS.HalfRes:1]]
[2020.09.13-01.35.58:558][  0]LogConfig: Setting CVar [[r.EmitterSpawnRateScale:1.0]]
[2020.09.13-01.35.58:558][  0]LogConfig: Setting CVar [[r.ParticleLightQuality:2]]
[2020.09.13-01.35.58:558][  0]LogConfig: Applying CVar settings from Section [FoliageQuality@3] File [C:/Users/Christopher/Perforce/calfian1_Christopher-PC_6764/WorkshopBetaTeam/Saved/Config/Windows/Scalability.ini]
[2020.09.13-01.35.58:558][  0]LogConfig: Setting CVar [[foliage.DensityScale:1.0]]
[2020.09.13-01.35.58:558][  0]LogConfig: Setting CVar [[grass.DensityScale:1.0]]
[2020.09.13-01.35.58:558][  0]LogInit: Selected Device Profile: [Windows]
[2020.09.13-01.35.58:558][  0]LogInit: Applying CVar settings loaded from the selected device profile: [Windows]
[2020.09.13-01.35.58:569][  0]LogConfig: Warning: Failed to saved backup for config[../../../../../../Users/Christopher/Perforce/calfian1_Christopher-PC_6764/WorkshopBetaTeam/Intermediate/Config/CoalescedSourceConfigs/DeviceProfiles.ini]
[2020.09.13-01.35.58:573][  0]LogHAL: Display: Platform has ~ 16 GB [17074479104 / 17179869184 / 16], which maps to Larger [LargestMinGB=32, LargerMinGB=12, DefaultMinGB=8, SmallerMinGB=6, SmallestMinGB=0)
[2020.09.13-01.35.58:573][  0]LogConfig: Setting CVar [[r.Vulkan.UseRealUBs:0		; Required until we fix HLR fall-out]]
[2020.09.13-01.35.58:573][  0]LogInit: Going up to parent DeviceProfile []
[2020.09.13-01.35.58:573][  0]LogConfig: Applying CVar settings from Section [ViewDistanceQuality@3] File [C:/Users/Christopher/Perforce/calfian1_Christopher-PC_6764/WorkshopBetaTeam/Saved/Config/Windows/Scalability.ini]
[2020.09.13-01.35.58:573][  0]LogConfig: Setting CVar [[r.SkeletalMeshLODBias:0]]
[2020.09.13-01.35.58:573][  0]LogConfig: Setting CVar [[r.ViewDistanceScale:1.0]]
[2020.09.13-01.35.58:573][  0]LogConfig: Applying CVar settings from Section [AntiAliasingQuality@3] File [C:/Users/Christopher/Perforce/calfian1_Christopher-PC_6764/WorkshopBetaTeam/Saved/Config/Windows/Scalability.ini]
[2020.09.13-01.35.58:573][  0]LogConfig: Setting CVar [[r.PostProcessAAQuality:4]]
[2020.09.13-01.35.58:573][  0]LogConfig: Applying CVar settings from Section [ShadowQuality@3] File [C:/Users/Christopher/Perforce/calfian1_Christopher-PC_6764/WorkshopBetaTeam/Saved/Config/Windows/Scalability.ini]
[2020.09.13-01.35.58:573][  0]LogConfig: Setting CVar [[r.LightFunctionQuality:1]]
[2020.09.13-01.35.58:573][  0]LogConfig: Setting CVar [[r.ShadowQuality:5]]
[2020.09.13-01.35.58:573][  0]LogConfig: Setting CVar [[r.Shadow.CSM.MaxCascades:10]]
[2020.09.13-01.35.58:573][  0]LogConfig: Setting CVar [[r.Shadow.MaxResolution:2048]]
[2020.09.13-01.35.58:573][  0]LogConfig: Setting CVar [[r.Shadow.MaxCSMResolution:2048]]
[2020.09.13-01.35.58:574][  0]LogConfig: Setting CVar [[r.Shadow.RadiusThreshold:0.01]]
[2020.09.13-01.35.58:574][  0]LogConfig: Setting CVar [[r.Shadow.DistanceScale:1.0]]
[2020.09.13-01.35.58:574][  0]LogConfig: Setting CVar [[r.Shadow.CSM.TransitionScale:1.0]]
[2020.09.13-01.35.58:574][  0]LogConfig: Setting CVar [[r.Shadow.PreShadowResolutionFactor:1.0]]
[2020.09.13-01.35.58:574][  0]LogConfig: Setting CVar [[r.DistanceFieldShadowing:1]]
[2020.09.13-01.35.58:574][  0]LogConfig: Setting CVar [[r.DistanceFieldAO:1]]
[2020.09.13-01.35.58:574][  0]LogConfig: Setting CVar [[r.AOQuality:2]]
[2020.09.13-01.35.58:574][  0]LogConfig: Setting CVar [[r.VolumetricFog:1]]
[2020.09.13-01.35.58:574][  0]LogConfig: Setting CVar [[r.VolumetricFog.GridPixelSize:8]]
[2020.09.13-01.35.58:574][  0]LogConfig: Setting CVar [[r.VolumetricFog.GridSizeZ:128]]
[2020.09.13-01.35.58:574][  0]LogConfig: Setting CVar [[r.VolumetricFog.HistoryMissSupersampleCount:4]]
[2020.09.13-01.35.58:574][  0]LogConfig: Setting CVar [[r.LightMaxDrawDistanceScale:1]]
[2020.09.13-01.35.58:574][  0]LogConfig: Setting CVar [[r.CapsuleShadows:1]]
[2020.09.13-01.35.58:574][  0]LogConfig: Applying CVar settings from Section [PostProcessQuality@3] File [C:/Users/Christopher/Perforce/calfian1_Christopher-PC_6764/WorkshopBetaTeam/Saved/Config/Windows/Scalability.ini]
[2020.09.13-01.35.58:574][  0]LogConfig: Setting CVar [[r.MotionBlurQuality:4]]
[2020.09.13-01.35.58:574][  0]LogConfig: Setting CVar [[r.AmbientOcclusionMipLevelFactor:0.4]]
[2020.09.13-01.35.58:574][  0]LogConfig: Setting CVar [[r.AmbientOcclusionMaxQuality:100]]
[2020.09.13-01.35.58:574][  0]LogConfig: Setting CVar [[r.AmbientOcclusionLevels:-1]]
[2020.09.13-01.35.58:574][  0]LogConfig: Setting CVar [[r.AmbientOcclusionRadiusScale:1.0]]
[2020.09.13-01.35.58:574][  0]LogConfig: Setting CVar [[r.DepthOfFieldQuality:2]]
[2020.09.13-01.35.58:574][  0]LogConfig: Setting CVar [[r.RenderTargetPoolMin:400]]
[2020.09.13-01.35.58:574][  0]LogConfig: Setting CVar [[r.LensFlareQuality:2]]
[2020.09.13-01.35.58:574][  0]LogConfig: Setting CVar [[r.SceneColorFringeQuality:1]]
[2020.09.13-01.35.58:574][  0]LogConfig: Setting CVar [[r.EyeAdaptationQuality:2]]
[2020.09.13-01.35.58:574][  0]LogConfig: Setting CVar [[r.BloomQuality:5]]
[2020.09.13-01.35.58:574][  0]LogConfig: Setting CVar [[r.FastBlurThreshold:100]]
[2020.09.13-01.35.58:574][  0]LogConfig: Setting CVar [[r.Upscale.Quality:3]]
[2020.09.13-01.35.58:574][  0]LogConfig: Setting CVar [[r.Tonemapper.GrainQuantization:1]]
[2020.09.13-01.35.58:574][  0]LogConfig: Setting CVar [[r.LightShaftQuality:1]]
[2020.09.13-01.35.58:574][  0]LogConfig: Setting CVar [[r.Filter.SizeScale:1]]
[2020.09.13-01.35.58:574][  0]LogConfig: Setting CVar [[r.Tonemapper.Quality:5]]
[2020.09.13-01.35.58:574][  0]LogConfig: Setting CVar [[r.DOF.Gather.AccumulatorQuality:1        ; higher gathering accumulator quality]]
[2020.09.13-01.35.58:574][  0]LogConfig: Setting CVar [[r.DOF.Gather.PostfilterMethod:1          ; Median3x3 postfilering method]]
[2020.09.13-01.35.58:574][  0]LogConfig: Setting CVar [[r.DOF.Gather.EnableBokehSettings:0       ; no bokeh simulation when gathering]]
[2020.09.13-01.35.58:574][  0]LogConfig: Setting CVar [[r.DOF.Gather.RingCount:4                 ; medium number of samples when gathering]]
[2020.09.13-01.35.58:574][  0]LogConfig: Setting CVar [[r.DOF.Scatter.ForegroundCompositing:1    ; additive foreground scattering]]
[2020.09.13-01.35.58:574][  0]LogConfig: Setting CVar [[r.DOF.Scatter.BackgroundCompositing:2    ; additive background scattering]]
[2020.09.13-01.35.58:574][  0]LogConfig: Setting CVar [[r.DOF.Scatter.EnableBokehSettings:1      ; bokeh simulation when scattering]]
[2020.09.13-01.35.58:574][  0]LogConfig: Setting CVar [[r.DOF.Scatter.MaxSpriteRatio:0.1         ; only a maximum of 10% of scattered bokeh]]
[2020.09.13-01.35.58:574][  0]LogConfig: Setting CVar [[r.DOF.Recombine.Quality:1                ; cheap slight out of focus]]
[2020.09.13-01.35.58:575][  0]LogConfig: Setting CVar [[r.DOF.Recombine.EnableBokehSettings:0    ; no bokeh simulation on slight out of focus]]
[2020.09.13-01.35.58:575][  0]LogConfig: Setting CVar [[r.DOF.TemporalAAQuality:1                ; more stable temporal accumulation]]
[2020.09.13-01.35.58:575][  0]LogConfig: Setting CVar [[r.DOF.Kernel.MaxForegroundRadius:0.025]]
[2020.09.13-01.35.58:575][  0]LogConfig: Setting CVar [[r.DOF.Kernel.MaxBackgroundRadius:0.025]]
[2020.09.13-01.35.58:575][  0]LogConfig: Applying CVar settings from Section [TextureQuality@3] File [C:/Users/Christopher/Perforce/calfian1_Christopher-PC_6764/WorkshopBetaTeam/Saved/Config/Windows/Scalability.ini]
[2020.09.13-01.35.58:575][  0]LogConfig: Setting CVar [[r.Streaming.MipBias:0]]
[2020.09.13-01.35.58:575][  0]LogConfig: Setting CVar [[r.Streaming.AmortizeCPUToGPUCopy:0]]
[2020.09.13-01.35.58:575][  0]LogConfig: Setting CVar [[r.Streaming.MaxNumTexturesToStreamPerFrame:0]]
[2020.09.13-01.35.58:575][  0]LogConfig: Setting CVar [[r.Streaming.Boost:1]]
[2020.09.13-01.35.58:575][  0]LogConfig: Setting CVar [[r.MaxAnisotropy:8]]
[2020.09.13-01.35.58:575][  0]LogConfig: Setting CVar [[r.Streaming.LimitPoolSizeToVRAM:0]]
[2020.09.13-01.35.58:575][  0]LogConfig: Setting CVar [[r.Streaming.PoolSize:1000]]
[2020.09.13-01.35.58:575][  0]LogConfig: Setting CVar [[r.Streaming.MaxEffectiveScreenSize:0]]
[2020.09.13-01.35.58:575][  0]LogConfig: Applying CVar settings from Section [EffectsQuality@3] File [C:/Users/Christopher/Perforce/calfian1_Christopher-PC_6764/WorkshopBetaTeam/Saved/Config/Windows/Scalability.ini]
[2020.09.13-01.35.58:575][  0]LogConfig: Setting CVar [[r.TranslucencyLightingVolumeDim:64]]
[2020.09.13-01.35.58:575][  0]LogConfig: Setting CVar [[r.RefractionQuality:2]]
[2020.09.13-01.35.58:575][  0]LogConfig: Setting CVar [[r.SSR.Quality:3]]
[2020.09.13-01.35.58:575][  0]LogConfig: Setting CVar [[r.SceneColorFormat:4]]
[2020.09.13-01.35.58:575][  0]LogConfig: Setting CVar [[r.DetailMode:2]]
[2020.09.13-01.35.58:575][  0]LogConfig: Setting CVar [[r.TranslucencyVolumeBlur:1]]
[2020.09.13-01.35.58:575][  0]LogConfig: Setting CVar [[r.MaterialQualityLevel:1 ; High quality]]
[2020.09.13-01.35.58:575][  0]LogConfig: Setting CVar [[r.SSS.Scale:1]]
[2020.09.13-01.35.58:575][  0]LogConfig: Setting CVar [[r.SSS.SampleSet:2]]
[2020.09.13-01.35.58:575][  0]LogConfig: Setting CVar [[r.SSS.Quality:1]]
[2020.09.13-01.35.58:575][  0]LogConfig: Setting CVar [[r.SSS.HalfRes:1]]
[2020.09.13-01.35.58:575][  0]LogConfig: Setting CVar [[r.EmitterSpawnRateScale:1.0]]
[2020.09.13-01.35.58:575][  0]LogConfig: Setting CVar [[r.ParticleLightQuality:2]]
[2020.09.13-01.35.58:575][  0]LogConfig: Applying CVar settings from Section [FoliageQuality@3] File [C:/Users/Christopher/Perforce/calfian1_Christopher-PC_6764/WorkshopBetaTeam/Saved/Config/Windows/Scalability.ini]
[2020.09.13-01.35.58:575][  0]LogConfig: Setting CVar [[foliage.DensityScale:1.0]]
[2020.09.13-01.35.58:575][  0]LogConfig: Setting CVar [[grass.DensityScale:1.0]]
[2020.09.13-01.35.58:575][  0]LogConfig: Applying CVar settings from Section [Startup] File [../../../Engine/Config/ConsoleVariables.ini]
[2020.09.13-01.35.58:576][  0]LogConfig: Setting CVar [[net.UseAdaptiveNetUpdateFrequency:0]]
[2020.09.13-01.35.58:576][  0]LogConfig: Setting CVar [[p.chaos.AllowCreatePhysxBodies:1]]
[2020.09.13-01.35.58:576][  0]LogConfig: Applying CVar settings from Section [ConsoleVariables] File [C:/Users/Christopher/Perforce/calfian1_Christopher-PC_6764/WorkshopBetaTeam/Saved/Config/Windows/Engine.ini]
[2020.09.13-01.35.58:576][  0]LogInit: Computer: CHRISTOPHER-PC
[2020.09.13-01.35.58:576][  0]LogInit: User: Christopher
[2020.09.13-01.35.58:576][  0]LogInit: CPU Page size=4096, Cores=4
[2020.09.13-01.35.58:576][  0]LogInit: High frequency timer resolution =14.318180 MHz
[2020.09.13-01.35.58:576][  0]LogMemory: Memory total: Physical=15.9GB (16GB approx)
[2020.09.13-01.35.58:577][  0]LogMemory: Platform Memory Stats for Windows
[2020.09.13-01.35.58:577][  0]LogMemory: Process Physical Memory: 96.69 MB used, 96.70 MB peak
[2020.09.13-01.35.58:577][  0]LogMemory: Process Virtual Memory: 90.67 MB used, 90.67 MB peak
[2020.09.13-01.35.58:577][  0]LogMemory: Physical Memory: 5875.48 MB used,  10408.01 MB free, 16283.49 MB total
[2020.09.13-01.35.58:577][  0]LogMemory: Virtual Memory: 4643.97 MB used,  134213080.00 MB free, 134217728.00 MB total
[2020.09.13-01.35.58:612][  0]LogInit: Using OS detected language (en-US).
[2020.09.13-01.35.58:612][  0]LogInit: Using OS detected locale (en-US).
[2020.09.13-01.35.58:613][  0]LogTextLocalizationManager: No specific localization for 'en-US' exists, so the 'en' localization will be used.
[2020.09.13-01.35.58:891][  0]LogInit: Setting process to per monitor DPI aware
[2020.09.13-01.35.58:971][  0]LogSlate: New Slate User Created.  User Index 0, Is Virtual User: 0
[2020.09.13-01.35.58:971][  0]LogSlate: Slate User Registered.  User Index 0, Is Virtual User: 0
[2020.09.13-01.35.59:247][  0]LogHMD: Failed to initialize OpenVR with code 105
[2020.09.13-01.35.59:247][  0]LogD3D11RHI: D3D11 adapters:
[2020.09.13-01.35.59:307][  0]LogD3D11RHI:    0. 'Radeon RX 570 Series' (Feature Level 11_0)
[2020.09.13-01.35.59:307][  0]LogD3D11RHI:       8172/0/8141 MB DedicatedVideo/DedicatedSystem/SharedSystem, Outputs:2, VendorId:0x1002
[2020.09.13-01.35.59:311][  0]LogD3D11RHI:    1. 'Microsoft Basic Render Driver' (Feature Level 11_0)
[2020.09.13-01.35.59:311][  0]LogD3D11RHI:       0/0/8141 MB DedicatedVideo/DedicatedSystem/SharedSystem, Outputs:0, VendorId:0x1414
[2020.09.13-01.35.59:311][  0]LogD3D11RHI: Chosen D3D11 Adapter: 0
[2020.09.13-01.35.59:326][  0]LogD3D11RHI: Creating new Direct3DDevice
[2020.09.13-01.35.59:326][  0]LogD3D11RHI:     GPU DeviceId: 0x67df (for the marketing name, search the web for "GPU Device Id")
[2020.09.13-01.35.59:326][  0]LogWindows: EnumDisplayDevices:
[2020.09.13-01.35.59:327][  0]LogWindows:    0. 'Radeon RX 570 Series' (P:1 D:1)
[2020.09.13-01.35.59:327][  0]LogWindows:    1. 'Radeon RX 570 Series' (P:0 D:1)
[2020.09.13-01.35.59:328][  0]LogWindows:    2. 'Radeon RX 570 Series' (P:0 D:0)
[2020.09.13-01.35.59:328][  0]LogWindows:    3. 'Radeon RX 570 Series' (P:0 D:0)
[2020.09.13-01.35.59:329][  0]LogWindows:    4. 'Radeon RX 570 Series' (P:0 D:0)
[2020.09.13-01.35.59:329][  0]LogWindows:    5. 'Radeon RX 570 Series' (P:0 D:0)
[2020.09.13-01.35.59:330][  0]LogWindows:    6. 'Radeon RX 570 Series' (P:0 D:0)
[2020.09.13-01.35.59:331][  0]LogWindows:    7. 'Radeon RX 570 Series' (P:0 D:0)
[2020.09.13-01.35.59:331][  0]LogWindows: DebugString: FoundDriverCount:8 
[2020.09.13-01.35.59:331][  0]LogD3D11RHI:     Adapter Name: Radeon RX 570 Series
[2020.09.13-01.35.59:331][  0]LogD3D11RHI:   Driver Version: Adrenalin 2020 20.2.2 (internal:26.20.15019.19000, unified:26.20.15019.19000)
[2020.09.13-01.35.59:331][  0]LogD3D11RHI:      Driver Date: 2-28-2020
[2020.09.13-01.35.59:331][  0]LogRHI: Texture pool is 5720 MB (70% of 8172 MB)
[2020.09.13-01.35.59:433][  0]LogD3D11RHI: Async texture creation enabled
[2020.09.13-01.35.59:439][  0]LogRendererCore: FGlobalReadBuffer::InitRHI
[2020.09.13-01.35.59:440][  0]LogRendererCore: FGlobalReadBuffer::InitRHI
[2020.09.13-01.35.59:440][  0]LogRendererCore: FGlobalReadBuffer::InitRHI
[2020.09.13-01.35.59:447][  0]LogD3D11RHI: GPU Timing Frequency: 25.000000 (Debug: 2 1)
[2020.09.13-01.35.59:837][  0]LogTemp: Display: Module 'AllDesktopTargetPlatform' loaded TargetPlatform 'AllDesktop'
[2020.09.13-01.35.59:860][  0]LogTemp: Display: Module 'MacClientTargetPlatform' loaded TargetPlatform 'MacClient'
[2020.09.13-01.35.59:885][  0]LogTemp: Display: Module 'MacNoEditorTargetPlatform' loaded TargetPlatform 'MacNoEditor'
[2020.09.13-01.35.59:907][  0]LogTemp: Display: Module 'MacServerTargetPlatform' loaded TargetPlatform 'MacServer'
[2020.09.13-01.35.59:931][  0]LogTemp: Display: Module 'MacTargetPlatform' loaded TargetPlatform 'Mac'
[2020.09.13-01.35.59:954][  0]LogTemp: Display: Module 'WindowsClientTargetPlatform' loaded TargetPlatform 'WindowsClient'
[2020.09.13-01.35.59:977][  0]LogTemp: Display: Module 'WindowsNoEditorTargetPlatform' loaded TargetPlatform 'WindowsNoEditor'
[2020.09.13-01.36.00:001][  0]LogTemp: Display: Module 'WindowsServerTargetPlatform' loaded TargetPlatform 'WindowsServer'
[2020.09.13-01.36.00:014][  0]LogTemp: Display: Module 'WindowsTargetPlatform' loaded TargetPlatform 'Windows'
[2020.09.13-01.36.00:162][  0]LogTemp: Display: Module 'AndroidTargetPlatform' loaded TargetPlatform 'Android'
[2020.09.13-01.36.00:162][  0]LogTemp: Display: Module 'AndroidTargetPlatform' loaded TargetPlatform 'Android_ASTC'
[2020.09.13-01.36.00:162][  0]LogTemp: Display: Module 'AndroidTargetPlatform' loaded TargetPlatform 'Android_ATC'
[2020.09.13-01.36.00:162][  0]LogTemp: Display: Module 'AndroidTargetPlatform' loaded TargetPlatform 'Android_DXT'
[2020.09.13-01.36.00:162][  0]LogTemp: Display: Module 'AndroidTargetPlatform' loaded TargetPlatform 'Android_ETC1'
[2020.09.13-01.36.00:162][  0]LogTemp: Display: Module 'AndroidTargetPlatform' loaded TargetPlatform 'Android_ETC1a'
[2020.09.13-01.36.00:163][  0]LogTemp: Display: Module 'AndroidTargetPlatform' loaded TargetPlatform 'Android_ETC2'
[2020.09.13-01.36.00:163][  0]LogTemp: Display: Module 'AndroidTargetPlatform' loaded TargetPlatform 'Android_PVRTC'
[2020.09.13-01.36.00:163][  0]LogTemp: Display: Module 'AndroidTargetPlatform' loaded TargetPlatform 'AndroidClient'
[2020.09.13-01.36.00:163][  0]LogTemp: Display: Module 'AndroidTargetPlatform' loaded TargetPlatform 'Android_ASTCClient'
[2020.09.13-01.36.00:163][  0]LogTemp: Display: Module 'AndroidTargetPlatform' loaded TargetPlatform 'Android_ATCClient'
[2020.09.13-01.36.00:163][  0]LogTemp: Display: Module 'AndroidTargetPlatform' loaded TargetPlatform 'Android_DXTClient'
[2020.09.13-01.36.00:163][  0]LogTemp: Display: Module 'AndroidTargetPlatform' loaded TargetPlatform 'Android_ETC1Client'
[2020.09.13-01.36.00:163][  0]LogTemp: Display: Module 'AndroidTargetPlatform' loaded TargetPlatform 'Android_ETC1aClient'
[2020.09.13-01.36.00:163][  0]LogTemp: Display: Module 'AndroidTargetPlatform' loaded TargetPlatform 'Android_ETC2Client'
[2020.09.13-01.36.00:163][  0]LogTemp: Display: Module 'AndroidTargetPlatform' loaded TargetPlatform 'Android_PVRTCClient'
[2020.09.13-01.36.00:163][  0]LogTemp: Display: Module 'AndroidTargetPlatform' loaded TargetPlatform 'Android_Multi'
[2020.09.13-01.36.00:163][  0]LogTemp: Display: Module 'AndroidTargetPlatform' loaded TargetPlatform 'Android_MultiClient'
[2020.09.13-01.36.00:166][  0]LogTemp: Display: Module 'HTML5TargetPlatform' loaded TargetPlatform 'HTML5'
[2020.09.13-01.36.00:234][  0]LogTemp: Display: Module 'IOSTargetPlatform' loaded TargetPlatform 'IOSClient'
[2020.09.13-01.36.00:234][  0]LogTemp: Display: Module 'IOSTargetPlatform' loaded TargetPlatform 'IOS'
[2020.09.13-01.36.00:275][  0]LogTemp: Display: Module 'TVOSTargetPlatform' loaded TargetPlatform 'TVOSClient'
[2020.09.13-01.36.00:275][  0]LogTemp: Display: Module 'TVOSTargetPlatform' loaded TargetPlatform 'TVOS'
[2020.09.13-01.36.00:296][  0]LogTemp: Display: Module 'LinuxClientTargetPlatform' loaded TargetPlatform 'LinuxClient'
[2020.09.13-01.36.00:318][  0]LogTemp: Display: Module 'LinuxNoEditorTargetPlatform' loaded TargetPlatform 'LinuxNoEditor'
[2020.09.13-01.36.00:339][  0]LogTemp: Display: Module 'LinuxServerTargetPlatform' loaded TargetPlatform 'LinuxServer'
[2020.09.13-01.36.00:362][  0]LogTemp: Display: Module 'LinuxTargetPlatform' loaded TargetPlatform 'Linux'
[2020.09.13-01.36.00:436][  0]LogTemp: Display: Module 'LuminTargetPlatform' loaded TargetPlatform 'Lumin'
[2020.09.13-01.36.00:436][  0]LogTemp: Display: Module 'LuminTargetPlatform' loaded TargetPlatform 'LuminClient'
[2020.09.13-01.36.00:437][  0]LogTargetPlatformManager: Display: Building Assets For Windows
[2020.09.13-01.36.00:450][  0]LogAudioDebug: Display: Lib vorbis DLL was dynamically loaded.
[2020.09.13-01.36.00:533][  0]LogShaderCompilers: Guid format shader working directory is -38 characters bigger than the processId version (../../../../../../Users/Christopher/Perforce/calfian1_Christopher-PC_6764/WorkshopBetaTeam/Intermediate/Shaders/WorkingDirectory/6728/).
[2020.09.13-01.36.00:533][  0]LogShaderCompilers: Cleaned the shader compiler working directory 'C:/Users/Christopher/AppData/Local/Temp/UnrealShaderWorkingDir/EA1BEA744E89A16BEDA87A905FBE9906/'.
[2020.09.13-01.36.00:537][  0]LogXGEController: Cleaning working directory: C:/Users/Christopher/AppData/Local/Temp/UnrealXGEWorkingDir/
[2020.09.13-01.36.00:537][  0]LogXGEController: Cannot use XGE Controller as Incredibuild is not installed on this machine.
[2020.09.13-01.36.00:537][  0]LogShaderCompilers: Cannot use XGE Shader Compiler as Incredibuild is not installed on this machine.
[2020.09.13-01.36.00:537][  0]LogShaderCompilers: Display: Using Local Shader Compiler.
[2020.09.13-01.36.01:613][  0]LogDerivedDataCache: Display: Max Cache Size: 512 MB
[2020.09.13-01.36.01:699][  0]LogDerivedDataCache: Loaded boot cache 0.09s 71MB C:/Users/Christopher/AppData/Local/UnrealEngine/4.22/DerivedDataCache/Boot.ddc.
[2020.09.13-01.36.01:699][  0]LogDerivedDataCache: Display: Loaded Boot cache: C:/Users/Christopher/AppData/Local/UnrealEngine/4.22/DerivedDataCache/Boot.ddc
[2020.09.13-01.36.01:699][  0]LogDerivedDataCache: FDerivedDataBackendGraph:  Pak pak cache file ../../../../../../Users/Christopher/Perforce/calfian1_Christopher-PC_6764/WorkshopBetaTeam/DerivedDataCache/DDC.ddp not found, will not use a pak cache.
[2020.09.13-01.36.01:699][  0]LogDerivedDataCache: Unable to find inner node Pak for hierarchical cache Hierarchy.
[2020.09.13-01.36.01:699][  0]LogDerivedDataCache: FDerivedDataBackendGraph:  CompressedPak pak cache file ../../../../../../Users/Christopher/Perforce/calfian1_Christopher-PC_6764/WorkshopBetaTeam/DerivedDataCache/Compressed.ddp not found, will not use a pak cache.
[2020.09.13-01.36.01:699][  0]LogDerivedDataCache: Unable to find inner node CompressedPak for hierarchical cache Hierarchy.
[2020.09.13-01.36.01:716][  0]LogDerivedDataCache: Display: Pak cache opened for reading ../../../Engine/DerivedDataCache/Compressed.ddp.
[2020.09.13-01.36.01:716][  0]LogDerivedDataCache: FDerivedDataBackendGraph:  EnterprisePak pak cache file ../../../Enterprise/DerivedDataCache/Compressed.ddp not found, will not use a pak cache.
[2020.09.13-01.36.01:716][  0]LogDerivedDataCache: Unable to find inner node EnterprisePak for hierarchical cache Hierarchy.
[2020.09.13-01.36.01:729][  0]LogDerivedDataCache: Using Local data cache path C:/Users/Christopher/AppData/Local/UnrealEngine/Common/DerivedDataCache: Writable
[2020.09.13-01.36.01:729][  0]LogDerivedDataCache: Shared data cache path not found in *engine.ini, will not use an Shared cache.
[2020.09.13-01.36.01:729][  0]LogDerivedDataCache: Unable to find inner node Shared for hierarchical cache Hierarchy.
[2020.09.13-01.36.01:768][  0]LogMaterial: Verifying Global Shaders for PCD3D_SM5
[2020.09.13-01.36.01:770][  0]LogSlate: Using FreeType 2.6.0
[2020.09.13-01.36.01:771][  0]LogSlate: SlateFontServices - WITH_FREETYPE: 1, WITH_HARFBUZZ: 1
[2020.09.13-01.36.01:888][  0]LogAssetRegistry: FAssetRegistry took 0.0422 seconds to start up
[2020.09.13-01.36.02:458][  0]LogFileManager: Warning: DeleteFile was unable to delete '../../../../../../Users/Christopher/Perforce/calfian1_Christopher-PC_6764/WorkshopBetaTeam/Intermediate/CachedAssetRegistry.bin', retrying in .5s...
[2020.09.13-01.36.02:458][  0]LogInit: Selected Device Profile: [Windows]
[2020.09.13-01.36.02:657][  0]LogFileManager: Error: Error deleting file '../../../../../../Users/Christopher/Perforce/calfian1_Christopher-PC_6764/WorkshopBetaTeam/Intermediate/CachedAssetRegistry.bin'.
[2020.09.13-01.36.02:657][  0]LogMeshReduction: Using QuadricMeshReduction for automatic static mesh reduction
[2020.09.13-01.36.02:657][  0]LogMeshReduction: Using SimplygonMeshReduction for automatic skeletal mesh reduction
[2020.09.13-01.36.02:657][  0]LogMeshReduction: Using ProxyLODMeshReduction for automatic mesh merging
[2020.09.13-01.36.02:657][  0]LogMeshReduction: No distributed automatic mesh merging module available
[2020.09.13-01.36.02:657][  0]LogMeshMerging: No distributed automatic mesh merging module available
[2020.09.13-01.36.02:670][  0]LogNetVersion: WorkshopBetaTeam 1.0.0, NetCL: 5660361, EngineNetVer: 10, GameNetVer: 0 (Checksum: 3746909533)
[2020.09.13-01.36.02:807][  0]LogConfig: Warning: Failed to saved backup for config[../../../../../../Users/Christopher/Perforce/calfian1_Christopher-PC_6764/WorkshopBetaTeam/Intermediate/Config/CoalescedSourceConfigs/PIEPreviewSettings.ini]
[2020.09.13-01.36.02:888][  0]LogConfig: Warning: Failed to saved backup for config[../../../../../../Users/Christopher/Perforce/calfian1_Christopher-PC_6764/WorkshopBetaTeam/Intermediate/Config/CoalescedSourceConfigs/GameplayTagsList.ini]
[2020.09.13-01.36.02:889][  0]LogConfig: Warning: Failed to saved backup for config[../../../../../../Users/Christopher/Perforce/calfian1_Christopher-PC_6764/WorkshopBetaTeam/Intermediate/Config/CoalescedSourceConfigs/GameplayTags.ini]
[2020.09.13-01.36.02:984][  0]LogConfig: Warning: Failed to saved backup for config[../../../../../../Users/Christopher/Perforce/calfian1_Christopher-PC_6764/WorkshopBetaTeam/Intermediate/Config/CoalescedSourceConfigs/TemplateDefs.ini]
[2020.09.13-01.36.03:244][  0]LogFileManager: Warning: DeleteFile was unable to delete '../../../../../../Users/Christopher/Perforce/calfian1_Christopher-PC_6764/WorkshopBetaTeam/Intermediate/AssetRegistryCache/2657c409.bin', retrying in .5s...
[2020.09.13-01.36.03:745][  0]LogFileManager: Error: Error deleting file '../../../../../../Users/Christopher/Perforce/calfian1_Christopher-PC_6764/WorkshopBetaTeam/Intermediate/AssetRegistryCache/2657c409.bin'.
[2020.09.13-01.36.03:751][  0]LogFileManager: Warning: DeleteFile was unable to delete '../../../../../../Users/Christopher/Perforce/calfian1_Christopher-PC_6764/WorkshopBetaTeam/Intermediate/AssetRegistryCache/866581fd.bin', retrying in .5s...
[2020.09.13-01.36.04:252][  0]LogFileManager: Error: Error deleting file '../../../../../../Users/Christopher/Perforce/calfian1_Christopher-PC_6764/WorkshopBetaTeam/Intermediate/AssetRegistryCache/866581fd.bin'.
[2020.09.13-01.36.04:258][  0]LogFileManager: Warning: DeleteFile was unable to delete '../../../../../../Users/Christopher/Perforce/calfian1_Christopher-PC_6764/WorkshopBetaTeam/Intermediate/AssetRegistryCache/8c0e1344.bin', retrying in .5s...
[2020.09.13-01.36.04:760][  0]LogFileManager: Error: Error deleting file '../../../../../../Users/Christopher/Perforce/calfian1_Christopher-PC_6764/WorkshopBetaTeam/Intermediate/AssetRegistryCache/8c0e1344.bin'.
[2020.09.13-01.36.04:767][  0]LogFileManager: Warning: DeleteFile was unable to delete '../../../../../../Users/Christopher/Perforce/calfian1_Christopher-PC_6764/WorkshopBetaTeam/Intermediate/AssetRegistryCache/6bead350.bin', retrying in .5s...
[2020.09.13-01.36.05:268][  0]LogFileManager: Error: Error deleting file '../../../../../../Users/Christopher/Perforce/calfian1_Christopher-PC_6764/WorkshopBetaTeam/Intermediate/AssetRegistryCache/6bead350.bin'.
[2020.09.13-01.36.05:274][  0]LogFileManager: Warning: DeleteFile was unable to delete '../../../../../../Users/Christopher/Perforce/calfian1_Christopher-PC_6764/WorkshopBetaTeam/Intermediate/AssetRegistryCache/c9e91a3f.bin', retrying in .5s...
[2020.09.13-01.36.05:775][  0]LogFileManager: Error: Error deleting file '../../../../../../Users/Christopher/Perforce/calfian1_Christopher-PC_6764/WorkshopBetaTeam/Intermediate/AssetRegistryCache/c9e91a3f.bin'.
[2020.09.13-01.36.05:788][  0]LogFileManager: Warning: DeleteFile was unable to delete '../../../../../../Users/Christopher/Perforce/calfian1_Christopher-PC_6764/WorkshopBetaTeam/Intermediate/AssetRegistryCache/50a675f9.bin', retrying in .5s...
[2020.09.13-01.36.06:289][  0]LogFileManager: Error: Error deleting file '../../../../../../Users/Christopher/Perforce/calfian1_Christopher-PC_6764/WorkshopBetaTeam/Intermediate/AssetRegistryCache/50a675f9.bin'.
[2020.09.13-01.36.06:297][  0]LogFileManager: Warning: DeleteFile was unable to delete '../../../../../../Users/Christopher/Perforce/calfian1_Christopher-PC_6764/WorkshopBetaTeam/Intermediate/AssetRegistryCache/8e9331e2.bin', retrying in .5s...
[2020.09.13-01.36.06:798][  0]LogFileManager: Error: Error deleting file '../../../../../../Users/Christopher/Perforce/calfian1_Christopher-PC_6764/WorkshopBetaTeam/Intermediate/AssetRegistryCache/8e9331e2.bin'.
[2020.09.13-01.36.06:806][  0]LogFileManager: Warning: DeleteFile was unable to delete '../../../../../../Users/Christopher/Perforce/calfian1_Christopher-PC_6764/WorkshopBetaTeam/Intermediate/AssetRegistryCache/52ed2538.bin', retrying in .5s...
[2020.09.13-01.36.07:307][  0]LogFileManager: Error: Error deleting file '../../../../../../Users/Christopher/Perforce/calfian1_Christopher-PC_6764/WorkshopBetaTeam/Intermediate/AssetRegistryCache/52ed2538.bin'.
[2020.09.13-01.36.07:313][  0]LogFileManager: Warning: DeleteFile was unable to delete '../../../../../../Users/Christopher/Perforce/calfian1_Christopher-PC_6764/WorkshopBetaTeam/Intermediate/AssetRegistryCache/f0d5030c.bin', retrying in .5s...
[2020.09.13-01.36.07:814][  0]LogFileManager: Error: Error deleting file '../../../../../../Users/Christopher/Perforce/calfian1_Christopher-PC_6764/WorkshopBetaTeam/Intermediate/AssetRegistryCache/f0d5030c.bin'.
[2020.09.13-01.36.07:820][  0]LogFileManager: Warning: DeleteFile was unable to delete '../../../../../../Users/Christopher/Perforce/calfian1_Christopher-PC_6764/WorkshopBetaTeam/Intermediate/AssetRegistryCache/1f683343.bin', retrying in .5s...
[2020.09.13-01.36.08:321][  0]LogFileManager: Error: Error deleting file '../../../../../../Users/Christopher/Perforce/calfian1_Christopher-PC_6764/WorkshopBetaTeam/Intermediate/AssetRegistryCache/1f683343.bin'.
[2020.09.13-01.36.08:324][  0]LogPackageLocalizationCache: Processed 10 localized package path(s) for 1 prioritized culture(s) in 5.083023 seconds
[2020.09.13-01.36.08:335][  0]LogUObjectArray: 42205 objects as part of root set at end of initial load.
[2020.09.13-01.36.08:335][  0]LogUObjectAllocator: 7325032 out of 0 bytes used by permanent object pool.
[2020.09.13-01.36.08:335][  0]LogUObjectArray: CloseDisregardForGC: 0/0 objects in disregard for GC pool
[2020.09.13-01.36.09:263][  0]LogConfig: Warning: Failed to saved backup for config[../../../../../../Users/Christopher/Perforce/calfian1_Christopher-PC_6764/WorkshopBetaTeam/Intermediate/Config/CoalescedSourceConfigs/InternationalizationExport.ini]
[2020.09.13-01.36.09:265][  0]LogConfig: Warning: Failed to saved backup for config[../../../../../../Users/Christopher/Perforce/calfian1_Christopher-PC_6764/WorkshopBetaTeam/Intermediate/Config/CoalescedSourceConfigs/TranslationPickerSettings.ini]
[2020.09.13-01.36.09:506][  0]LogTcpMessaging: Initializing TcpMessaging bridge
[2020.09.13-01.36.09:521][  0]LogUdpMessaging: Initializing bridge on interface 0.0.0.0:0 to multicast group 230.0.0.1:6666.
[2020.09.13-01.36.09:654][  0]LogConfig: Warning: Failed to saved backup for config[../../../../../../Users/Christopher/Perforce/calfian1_Christopher-PC_6764/WorkshopBetaTeam/Intermediate/Config/CoalescedSourceConfigs/SourceControlSettings.ini]
[2020.09.13-01.36.09:657][  0]LogConfig: Warning: Failed to saved backup for config[../../../../../../Users/Christopher/Perforce/calfian1_Christopher-PC_6764/WorkshopBetaTeam/Intermediate/Config/CoalescedSourceConfigs/SourceControlSettings.ini]
[2020.09.13-01.36.09:658][  0]SourceControl: Source control is disabled
[2020.09.13-01.36.09:658][  0]SourceControl: Source control is disabled
[2020.09.13-01.36.09:680][  0]LogConfig: Warning: Failed to saved backup for config[../../../../../../Users/Christopher/Perforce/calfian1_Christopher-PC_6764/WorkshopBetaTeam/Intermediate/Config/CoalescedSourceConfigs/Encryption.ini]
[2020.09.13-01.36.09:682][  0]LogConfig: Warning: Failed to saved backup for config[../../../../../../Users/Christopher/Perforce/calfian1_Christopher-PC_6764/WorkshopBetaTeam/Intermediate/Config/CoalescedSourceConfigs/Crypto.ini]
[2020.09.13-01.36.09:771][  0]LogConfig: Warning: Failed to saved backup for config[../../../../../../Users/Christopher/Perforce/calfian1_Christopher-PC_6764/WorkshopBetaTeam/Intermediate/Config/CoalescedSourceConfigs/UnitTestStats.ini]
[2020.09.13-01.36.09:773][  0]LogConfig: Warning: Failed to saved backup for config[../../../../../../Users/Christopher/Perforce/calfian1_Christopher-PC_6764/WorkshopBetaTeam/Intermediate/Config/CoalescedSourceConfigs/UnitTest.ini]
[2020.09.13-01.36.09:781][  0]LogAndroidPermission: UAndroidPermissionCallbackProxy::GetInstance
[2020.09.13-01.36.09:930][  0]LogOcInput: OculusInput pre-init called
[2020.09.13-01.36.10:882][  0]LogEngine: Initializing Engine...
[2020.09.13-01.36.10:886][  0]LogHMD: Failed to initialize OpenVR with code 105
[2020.09.13-01.36.10:888][  0]LogStats: UGameplayTagsManager::InitializeManager -  0.000 s
[2020.09.13-01.36.11:166][  0]LogInit: Initializing FReadOnlyCVARCache
[2020.09.13-01.36.11:188][  0]LogAIModule: Creating AISystem for world Untitled
[2020.09.13-01.36.11:232][  0]LogInit: XAudio2 using 'Speakers (USB Audio Device)' : 2 channels at 48 kHz using 16 bits per sample (channel mask 0x3)
[2020.09.13-01.36.11:286][  0]LogInit: FAudioDevice initialized.
[2020.09.13-01.36.11:286][  0]LogNetVersion: Set ProjectVersion to 1.0.0.0. Version Checksum will be recalculated on next use.
[2020.09.13-01.36.11:416][  0]LogDerivedDataCache: Saved boot cache 0.13s 71MB C:/Users/Christopher/AppData/Local/UnrealEngine/4.22/DerivedDataCache/Boot.ddc.
[2020.09.13-01.36.11:430][  0]LogInit: Texture streaming: Enabled
[2020.09.13-01.36.11:458][  0]LogEngineSessionManager: EngineSessionManager initialized
[2020.09.13-01.36.11:535][  0]LogInit: Transaction tracking system initialized
[2020.09.13-01.36.11:574][  0]BlueprintLog: New page: Editor Load
[2020.09.13-01.36.11:700][  0]LogConfig: Warning: Failed to saved backup for config[../../../../../../Users/Christopher/Perforce/calfian1_Christopher-PC_6764/WorkshopBetaTeam/Intermediate/Config/CoalescedSourceConfigs/LocalizationServiceSettings.ini]
[2020.09.13-01.36.11:702][  0]LogConfig: Warning: Failed to saved backup for config[../../../../../../Users/Christopher/Perforce/calfian1_Christopher-PC_6764/WorkshopBetaTeam/Intermediate/Config/CoalescedSourceConfigs/LocalizationServiceSettings.ini]
[2020.09.13-01.36.11:702][  0]LocalizationService: Localization service is disabled
[2020.09.13-01.36.11:986][  0]DDCNotifications: Shared DDC not detected, performance notification enabled
[2020.09.13-01.36.12:217][  0]LogFileCache: Scanning file cache for directory 'C:/Users/Christopher/Perforce/calfian1_Christopher-PC_6764/WorkshopBetaTeam/Content/' took 0.01s
[2020.09.13-01.36.12:217][  0]LogCook: Display: Max memory allowance for cook 16384mb min free memory 0mb
[2020.09.13-01.36.12:217][  0]LogCook: Display: Mobile HDR setting 1
[2020.09.13-01.36.12:507][  0]LogSourceControl: Attempting 'p4 clients -u calfian1'
[2020.09.13-01.36.12:511][  0]Cmd: MAP LOAD FILE="../../../Engine/Content/Maps/Templates/Template_Default.umap" TEMPLATE=1 SHOWPROGRESS=1 FEATURELEVEL=3
[2020.09.13-01.36.12:511][  0]LightingResults: New page: Lighting Build
[2020.09.13-01.36.12:516][  0]MapCheck: New page: Map Check
[2020.09.13-01.36.12:516][  0]LightingResults: New page: Lighting Build
[2020.09.13-01.36.12:631][  0]LogUObjectHash: Compacting FUObjectHashTables data took   3.10ms
[2020.09.13-01.36.12:757][  0]LogAIModule: Creating AISystem for world Untitled_1
[2020.09.13-01.36.12:766][  0]LogEditorServer: Finished looking for orphan Actors (0.000 secs)
[2020.09.13-01.36.12:891][  0]LogUObjectHash: Compacting FUObjectHashTables data took   3.31ms
[2020.09.13-01.36.12:892][  0]Cmd: MAP CHECKDEP NOCLEARLOG
[2020.09.13-01.36.12:892][  0]MapCheck: Map check complete: 0 Error(s), 0 Warning(s), took 0.262ms to complete.
[2020.09.13-01.36.12:892][  0]LogFileHelpers: Loading map 'Template_Default' took 0.381
[2020.09.13-01.36.13:068][  0]LogSlate: Updating window title bar state: overlay mode, drag disabled, window buttons hidden, title bar hidden
[2020.09.13-01.36.13:077][  0]LogSlate: Updating window title bar state: overlay mode, drag disabled, window buttons hidden, title bar hidden
[2020.09.13-01.36.13:089][  0]LogSlate: Updating window title bar state: overlay mode, drag disabled, window buttons hidden, title bar hidden
[2020.09.13-01.36.13:099][  0]LogSlate: Updating window title bar state: overlay mode, drag disabled, window buttons hidden, title bar hidden
[2020.09.13-01.36.13:108][  0]LogCollectionManager: Loaded 0 collections in 0.002904 seconds
[2020.09.13-01.36.13:126][  0]LogFileCache: Scanning file cache for directory 'C:/Users/Christopher/Perforce/calfian1_Christopher-PC_6764/WorkshopBetaTeam/Saved/Collections/' took 0.01s
[2020.09.13-01.36.13:126][  0]LogFileCache: Scanning file cache for directory 'C:/Users/Christopher/Perforce/calfian1_Christopher-PC_6764/WorkshopBetaTeam/Content/Developers/Christopher/Collections/' took 0.00s
[2020.09.13-01.36.13:126][  0]LogFileCache: Scanning file cache for directory 'C:/Users/Christopher/Perforce/calfian1_Christopher-PC_6764/WorkshopBetaTeam/Content/Collections/' took 0.00s
[2020.09.13-01.36.13:127][  0]LogCollectionManager: Rebuilt the GUID cache for 0 collections in 0.000001 seconds
[2020.09.13-01.36.13:142][  0]LogContentBrowser: Native class hierarchy populated in 0.0156 seconds. Added 2732 classes and 659 folders.
[2020.09.13-01.36.13:152][  0]LogContentBrowser: Native class hierarchy updated for 'WidgetCarousel' in 0.0004 seconds. Added 0 classes and 0 folders.
[2020.09.13-01.36.13:154][  0]LogPakFile: Registered encryption key '00000000000000000000000000000000': 0 pak files mounted, 0 remain pending
[2020.09.13-01.36.13:155][  0]LogPakFile: Registered encryption key '00000000000000000000000000000000': 0 pak files mounted, 0 remain pending
[2020.09.13-01.36.13:156][  0]LogPakFile: Registered encryption key '00000000000000000000000000000000': 0 pak files mounted, 0 remain pending
[2020.09.13-01.36.13:157][  0]LogPakFile: Registered encryption key '00000000000000000000000000000000': 0 pak files mounted, 0 remain pending
[2020.09.13-01.36.13:157][  0]LogPakFile: Registered encryption key '00000000000000000000000000000000': 0 pak files mounted, 0 remain pending
[2020.09.13-01.36.13:158][  0]LogPakFile: Registered encryption key '00000000000000000000000000000000': 0 pak files mounted, 0 remain pending
[2020.09.13-01.36.13:159][  0]LogPakFile: Registered encryption key '00000000000000000000000000000000': 0 pak files mounted, 0 remain pending
[2020.09.13-01.36.13:160][  0]LogPakFile: Registered encryption key '00000000000000000000000000000000': 0 pak files mounted, 0 remain pending
[2020.09.13-01.36.13:160][  0]LogPakFile: Registered encryption key '00000000000000000000000000000000': 0 pak files mounted, 0 remain pending
[2020.09.13-01.36.13:161][  0]LogPakFile: Registered encryption key '00000000000000000000000000000000': 0 pak files mounted, 0 remain pending
[2020.09.13-01.36.13:162][  0]LogPakFile: Registered encryption key '00000000000000000000000000000000': 0 pak files mounted, 0 remain pending
[2020.09.13-01.36.13:162][  0]LogPakFile: Registered encryption key '00000000000000000000000000000000': 0 pak files mounted, 0 remain pending
[2020.09.13-01.36.13:163][  0]LogPakFile: Registered encryption key '00000000000000000000000000000000': 0 pak files mounted, 0 remain pending
[2020.09.13-01.36.13:164][  0]LogPakFile: Registered encryption key '00000000000000000000000000000000': 0 pak files mounted, 0 remain pending
[2020.09.13-01.36.13:164][  0]LogPakFile: Registered encryption key '00000000000000000000000000000000': 0 pak files mounted, 0 remain pending
[2020.09.13-01.36.13:165][  0]LogPakFile: Registered encryption key '00000000000000000000000000000000': 0 pak files mounted, 0 remain pending
[2020.09.13-01.36.13:166][  0]LogPakFile: Registered encryption key '00000000000000000000000000000000': 0 pak files mounted, 0 remain pending
[2020.09.13-01.36.13:166][  0]LogPakFile: Registered encryption key '00000000000000000000000000000000': 0 pak files mounted, 0 remain pending
[2020.09.13-01.36.13:167][  0]LogPakFile: Registered encryption key '00000000000000000000000000000000': 0 pak files mounted, 0 remain pending
[2020.09.13-01.36.13:167][  0]LogPakFile: Registered encryption key '00000000000000000000000000000000': 0 pak files mounted, 0 remain pending
[2020.09.13-01.36.13:168][  0]LogPakFile: Registered encryption key '00000000000000000000000000000000': 0 pak files mounted, 0 remain pending
[2020.09.13-01.36.13:169][  0]LogPakFile: Registered encryption key '00000000000000000000000000000000': 0 pak files mounted, 0 remain pending
[2020.09.13-01.36.13:170][  0]LogPakFile: Registered encryption key '00000000000000000000000000000000': 0 pak files mounted, 0 remain pending
[2020.09.13-01.36.13:170][  0]LogPakFile: Registered encryption key '00000000000000000000000000000000': 0 pak files mounted, 0 remain pending
[2020.09.13-01.36.13:171][  0]LogPakFile: Registered encryption key '00000000000000000000000000000000': 0 pak files mounted, 0 remain pending
[2020.09.13-01.36.13:172][  0]LogPakFile: Registered encryption key '00000000000000000000000000000000': 0 pak files mounted, 0 remain pending
[2020.09.13-01.36.13:225][  0]LogSourceControl: Attempting 'p4 client -o '
[2020.09.13-01.36.13:226][  0]LogContentBrowser: Native class hierarchy updated for 'AddContentDialog' in 0.0003 seconds. Added 0 classes and 0 folders.
[2020.09.13-01.36.13:235][  0]LogContentBrowser: Native class hierarchy updated for 'SceneOutliner' in 0.0004 seconds. Added 1 classes and 2 folders.
[2020.09.13-01.36.13:321][  0]LogSlate: Took 0.000328 seconds to synchronously load lazily loaded font '../../../Engine/Content/Slate/Fonts/Roboto-Regular.ttf' (155K)
[2020.09.13-01.36.13:324][  0]LogSlate: Took 0.000301 seconds to synchronously load lazily loaded font '../../../Engine/Content/Slate/Fonts/Roboto-Bold.ttf' (160K)
[2020.09.13-01.36.13:331][  0]LogSlate: Took 0.000276 seconds to synchronously load lazily loaded font '../../../Engine/Content/Editor/Slate/Fonts/FontAwesome.ttf' (139K)
[2020.09.13-01.36.13:420][  0]LogRenderer: Reallocating scene render targets to support 1228x600 Format 10 NumSamples 1 (Frame:1).
[2020.09.13-01.36.13:604][  0]LogContentBrowser: Native class hierarchy updated for 'HierarchicalLODOutliner' in 0.0004 seconds. Added 0 classes and 0 folders.
[2020.09.13-01.36.13:604][  0]LogLoad: (Engine Initialization) Total time: 17.62 seconds
[2020.09.13-01.36.13:604][  0]LogLoad: (Engine Initialization) Total Blueprint compile time: 0.00 seconds
[2020.09.13-01.36.13:659][  0]LogAssetRegistry: Asset discovery search completed in 11.7933 seconds
[2020.09.13-01.36.13:662][  0]LogCollectionManager: Rebuilt the object cache for 0 collections in 0.000001 seconds (found 0 objects)
[2020.09.13-01.36.13:662][  0]LogCollectionManager: Fixed up redirectors for 0 collections in 0.000054 seconds (updated 0 objects)
[2020.09.13-01.36.13:664][  0]SourceControl: Error: Empty identifier not allowed.

[2020.09.13-01.36.13:665][  0]LogContentStreaming: Texture pool size now 1000 MB
[2020.09.13-01.36.13:688][  0]LogSlate: Took 0.000232 seconds to synchronously load lazily loaded font '../../../Engine/Content/Slate/Fonts/Roboto-Light.ttf' (167K)
[2020.09.13-01.36.16:481][328]LogTemp: IOS device listing is disabled (to many failed attempts)!
[2020.09.13-01.36.28:313][708]LogSlate: FSceneViewport::OnFocusLost() reason 2
[2020.09.13-01.36.29:394][836]LogSlate: FSceneViewport::OnFocusLost() reason 2
[2020.09.13-01.36.29:527][849]LogSourceControl: Attempting 'p4 clients -u calfian1'
[2020.09.13-01.36.35:400][515]LogSourceControl: Attempting 'p4 clients -u calfian1'
[2020.09.13-01.36.42:583][341]LogSourceControl: Attempting 'p4 client -o calfian1_Christopher-PC_6764'
[2020.09.13-01.36.42:628][346]SourceControl: Client calfian1_Christopher-PC_6764
[2020.09.13-01.36.42:629][346]SourceControl: Update 2020/09/13 01:34:55
[2020.09.13-01.36.42:629][346]SourceControl: Access 2020/09/13 01:33:48
[2020.09.13-01.36.42:629][346]SourceControl: Owner calfian1
[2020.09.13-01.36.42:629][346]SourceControl: Host Christopher-PC
[2020.09.13-01.36.42:629][346]SourceControl: Description Created by calfian1.

[2020.09.13-01.36.42:629][346]SourceControl: Root C:\Users\Christopher\Perforce\calfian1_Christopher-PC_6764
[2020.09.13-01.36.42:629][346]SourceControl: Options noallwrite noclobber nocompress unlocked nomodtime normdir
[2020.09.13-01.36.42:629][346]SourceControl: SubmitOptions submitunchanged
[2020.09.13-01.36.42:629][346]SourceControl: LineEnd local
[2020.09.13-01.36.42:629][346]SourceControl: Stream //streamsDepot/mainline
[2020.09.13-01.36.42:629][346]SourceControl: View0 //streamsDepot/mainline/... //calfian1_Christopher-PC_6764/...
[2020.09.13-01.36.42:629][346]SourceControl: Type writeable
[2020.09.13-01.36.42:629][346]SourceControl: Backup enable
[2020.09.13-01.36.42:629][346]SourceControl: specFormatted 
[2020.09.13-01.36.42:629][346]SourceControl: func client-FstatInfo
[2020.09.13-01.36.42:635][346]LogSlate: Window 'Source Control Login' being destroyed
[2020.09.13-01.36.44:971][608]LogSlate: FSceneViewport::OnFocusLost() reason 2
[2020.09.13-01.36.46:172][745]LogSlate: FSceneViewport::OnFocusLost() reason 2
[2020.09.13-01.36.46:301][758]LogSourceControl: Attempting 'p4 clients -u calfian1'
[2020.09.13-01.37.15:923][597]LogSourceControl: Attempting 'p4 client -o calfian1_Christopher-PC_6764'
[2020.09.13-01.37.15:968][602]SourceControl: Client calfian1_Christopher-PC_6764
[2020.09.13-01.37.15:969][602]SourceControl: Update 2020/09/13 01:34:55
[2020.09.13-01.37.15:969][602]SourceControl: Access 2020/09/13 01:33:48
[2020.09.13-01.37.15:969][602]SourceControl: Owner calfian1
[2020.09.13-01.37.15:969][602]SourceControl: Host Christopher-PC
[2020.09.13-01.37.15:969][602]SourceControl: Description Created by calfian1.

[2020.09.13-01.37.15:969][602]SourceControl: Root C:\Users\Christopher\Perforce\calfian1_Christopher-PC_6764
[2020.09.13-01.37.15:969][602]SourceControl: Options noallwrite noclobber nocompress unlocked nomodtime normdir
[2020.09.13-01.37.15:969][602]SourceControl: SubmitOptions submitunchanged
[2020.09.13-01.37.15:969][602]SourceControl: LineEnd local
[2020.09.13-01.37.15:969][602]SourceControl: Stream //streamsDepot/mainline
[2020.09.13-01.37.15:969][602]SourceControl: View0 //streamsDepot/mainline/... //calfian1_Christopher-PC_6764/...
[2020.09.13-01.37.15:969][602]SourceControl: Type writeable
[2020.09.13-01.37.15:969][602]SourceControl: Backup enable
[2020.09.13-01.37.15:969][602]SourceControl: specFormatted 
[2020.09.13-01.37.15:969][602]SourceControl: func client-FstatInfo
[2020.09.13-01.37.15:978][602]LogSlate: Window 'Source Control Login' being destroyed
[2020.09.13-01.45.48:561][443]LogSlate: FSceneViewport::OnFocusLost() reason 2
[2020.09.13-01.45.57:663][456]LogSlate: FSceneViewport::OnFocusLost() reason 2
[2020.09.13-01.45.57:695][458]LogSlate: FSceneViewport::OnFocusLost() reason 2
[2020.09.13-01.45.58:306][529]LogSlate: FSceneViewport::OnFocusLost() reason 2
[2020.09.13-01.47.06:396][ 28]LogSlate: FSceneViewport::OnFocusLost() reason 2
[2020.09.13-01.47.10:319][494]LogSlate: FSceneViewport::OnFocusLost() reason 2
[2020.09.13-01.47.17:873][362]LogSlate: FSceneViewport::OnFocusLost() reason 2
[2020.09.13-01.47.18:487][362]LogConfig: Warning: Failed to saved backup for config[../../../../../../Users/Christopher/Perforce/calfian1_Christopher-PC_6764/WorkshopBetaTeam/Intermediate/Config/CoalescedSourceConfigs/Engine.ini]
[2020.09.13-01.47.20:286][362]LogSlate: Only BGRA pngs, bmps or icos are supported in by External Image Picker
[2020.09.13-01.47.20:981][387]LogSourceControl: Attempting 'p4 fstat -Or C:/Users/Christopher/Perforce/calfian1_Christopher-PC_6764/WorkshopBetaTeam/Config/DefaultGame.ini'
[2020.09.13-01.47.21:958][483]LogSourceControl: Attempting 'p4 fstat -Or /Script/EngineSettings'
[2020.09.13-01.47.22:002][487]SourceControl: Path 'C:/Script/EngineSettings' is not under client's root 'C:\Users\Christopher\Perforce\calfian1_Christopher-PC_6764'.

[2020.09.13-01.47.40:196][275]LogSourceControl: Attempting 'p4 fstat -Or /Script/UnrealEd'
[2020.09.13-01.47.40:268][282]SourceControl: Path 'C:/Script/UnrealEd' is not under client's root 'C:\Users\Christopher\Perforce\calfian1_Christopher-PC_6764'.

[2020.09.13-01.47.44:051][653]LogSlate: Window 'Project Settings' being destroyed
[2020.09.13-01.47.44:062][653]LogSlate: Window 'Project Settings' being destroyed
[2020.09.13-01.47.45:586][811]LogSlate: FSceneViewport::OnFocusLost() reason 0
[2020.09.13-01.48.49:637][434]LogSlate: FSceneViewport::OnFocusLost() reason 0
[2020.09.13-02.03.39:312][956]LogSlate: FSceneViewport::OnFocusLost() reason 0
[2020.09.13-02.10.07:242][524]LogSlate: FSceneViewport::OnFocusLost() reason 0
[2020.09.13-02.10.14:317][318]LogSourceControl: Attempting 'p4 fstat -Or C:/Users/Christopher/Perforce/calfian1_Christopher-PC_6764/WorkshopBetaTeam/Content/Maps/Map1.umap C:/Users/Christopher/Perforce/calfian1_Christopher-PC_6764/WorkshopBetaTeam/Content/Maps/Map1_BuiltData.uasset'
